The system is: Linux - 3.19.0-28-generic - x86_64
Compiling the C compiler identification source file "CMakeCCompilerId.c" succeeded.
Compiler: /usr/bin/cc 
Build flags: 
Id flags: 

The output was:
0


Compilation of the C compiler identification source "CMakeCCompilerId.c" produced "a.out"

The C compiler identification is GNU, found in "/home/lancelot/git/nginx/third-lib/libressl-2.3.1/build/CMakeFiles/3.0.2/CompilerIdC/a.out"

Compiling the CXX compiler identification source file "CMakeCXXCompilerId.cpp" succeeded.
Compiler: /usr/bin/c++ 
Build flags: 
Id flags: 

The output was:
0


Compilation of the CXX compiler identification source "CMakeCXXCompilerId.cpp" produced "a.out"

The CXX compiler identification is GNU, found in "/home/lancelot/git/nginx/third-lib/libressl-2.3.1/build/CMakeFiles/3.0.2/CompilerIdCXX/a.out"

Determining if the C compiler works passed with the following output:
Change Dir: /home/lancelot/git/nginx/third-lib/libressl-2.3.1/build/CMakeFiles/CMakeTmp

Run Build Command:"/usr/bin/make" "cmTryCompileExec695670771/fast"
/usr/bin/make -f CMakeFiles/cmTryCompileExec695670771.dir/build.make CMakeFiles/cmTryCompileExec695670771.dir/build
make[1]: Entering directory '/home/lancelot/git/nginx/third-lib/libressl-2.3.1/build/CMakeFiles/CMakeTmp'
/usr/bin/cmake -E cmake_progress_report /home/lancelot/git/nginx/third-lib/libressl-2.3.1/build/CMakeFiles/CMakeTmp/CMakeFiles 1
Building C object CMakeFiles/cmTryCompileExec695670771.dir/testCCompiler.c.o
/usr/bin/cc    -o CMakeFiles/cmTryCompileExec695670771.dir/testCCompiler.c.o   -c /home/lancelot/git/nginx/third-lib/libressl-2.3.1/build/CMakeFiles/CMakeTmp/testCCompiler.c
Linking C executable cmTryCompileExec695670771
/usr/bin/cmake -E cmake_link_script CMakeFiles/cmTryCompileExec695670771.dir/link.txt --verbose=1
/usr/bin/cc       CMakeFiles/cmTryCompileExec695670771.dir/testCCompiler.c.o  -o cmTryCompileExec695670771 -rdynamic 
make[1]: Leaving directory '/home/lancelot/git/nginx/third-lib/libressl-2.3.1/build/CMakeFiles/CMakeTmp'


Detecting C compiler ABI info compiled with the following output:
Change Dir: /home/lancelot/git/nginx/third-lib/libressl-2.3.1/build/CMakeFiles/CMakeTmp

Run Build Command:"/usr/bin/make" "cmTryCompileExec1581991997/fast"
/usr/bin/make -f CMakeFiles/cmTryCompileExec1581991997.dir/build.make CMakeFiles/cmTryCompileExec1581991997.dir/build
make[1]: Entering directory '/home/lancelot/git/nginx/third-lib/libressl-2.3.1/build/CMakeFiles/CMakeTmp'
/usr/bin/cmake -E cmake_progress_report /home/lancelot/git/nginx/third-lib/libressl-2.3.1/build/CMakeFiles/CMakeTmp/CMakeFiles 1
Building C object CMakeFiles/cmTryCompileExec1581991997.dir/CMakeCCompilerABI.c.o
/usr/bin/cc    -o CMakeFiles/cmTryCompileExec1581991997.dir/CMakeCCompilerABI.c.o   -c /usr/share/cmake-3.0/Modules/CMakeCCompilerABI.c
Linking C executable cmTryCompileExec1581991997
/usr/bin/cmake -E cmake_link_script CMakeFiles/cmTryCompileExec1581991997.dir/link.txt --verbose=1
/usr/bin/cc     -v CMakeFiles/cmTryCompileExec1581991997.dir/CMakeCCompilerABI.c.o  -o cmTryCompileExec1581991997 -rdynamic  
Using built-in specs.
COLLECT_GCC=/usr/bin/cc
COLLECT_LTO_WRAPPER=/usr/lib/gcc/x86_64-linux-gnu/4.9/lto-wrapper
Target: x86_64-linux-gnu
Configured with: ../src/configure -v --with-pkgversion='Ubuntu 4.9.2-10ubuntu13' --with-bugurl=file:///usr/share/doc/gcc-4.9/README.Bugs --enable-languages=c,c++,java,go,d,fortran,objc,obj-c++ --prefix=/usr --program-suffix=-4.9 --enable-shared --enable-linker-build-id --libexecdir=/usr/lib --without-included-gettext --enable-threads=posix --with-gxx-include-dir=/usr/include/c++/4.9 --libdir=/usr/lib --enable-nls --with-sysroot=/ --enable-clocale=gnu --enable-libstdcxx-debug --enable-libstdcxx-time=yes --enable-gnu-unique-object --disable-vtable-verify --enable-plugin --with-system-zlib --disable-browser-plugin --enable-java-awt=gtk --enable-gtk-cairo --with-java-home=/usr/lib/jvm/java-1.5.0-gcj-4.9-amd64/jre --enable-java-home --with-jvm-root-dir=/usr/lib/jvm/java-1.5.0-gcj-4.9-amd64 --with-jvm-jar-dir=/usr/lib/jvm-exports/java-1.5.0-gcj-4.9-amd64 --with-arch-directory=amd64 --with-ecj-jar=/usr/share/java/eclipse-ecj.jar --enable-objc-gc --enable-multiarch --disable-werror --with-arch-32=i686 --with-abi=m64 --with-multilib-list=m32,m64,mx32 --enable-multilib --with-tune=generic --enable-checking=release --build=x86_64-linux-gnu --host=x86_64-linux-gnu --target=x86_64-linux-gnu
Thread model: posix
gcc version 4.9.2 (Ubuntu 4.9.2-10ubuntu13) 
COMPILER_PATH=/usr/lib/gcc/x86_64-linux-gnu/4.9/:/usr/lib/gcc/x86_64-linux-gnu/4.9/:/usr/lib/gcc/x86_64-linux-gnu/:/usr/lib/gcc/x86_64-linux-gnu/4.9/:/usr/lib/gcc/x86_64-linux-gnu/
LIBRARY_PATH=/usr/lib/gcc/x86_64-linux-gnu/4.9/:/usr/lib/gcc/x86_64-linux-gnu/4.9/../../../x86_64-linux-gnu/:/usr/lib/gcc/x86_64-linux-gnu/4.9/../../../../lib/:/lib/x86_64-linux-gnu/:/lib/../lib/:/usr/lib/x86_64-linux-gnu/:/usr/lib/../lib/:/usr/lib/gcc/x86_64-linux-gnu/4.9/../../../:/lib/:/usr/lib/
COLLECT_GCC_OPTIONS='-v' '-o' 'cmTryCompileExec1581991997' '-rdynamic' '-mtune=generic' '-march=x86-64'
 /usr/lib/gcc/x86_64-linux-gnu/4.9/collect2 -plugin /usr/lib/gcc/x86_64-linux-gnu/4.9/liblto_plugin.so -plugin-opt=/usr/lib/gcc/x86_64-linux-gnu/4.9/lto-wrapper -plugin-opt=-fresolution=/tmp/cc9BlhAw.res -plugin-opt=-pass-through=-lgcc -plugin-opt=-pass-through=-lgcc_s -plugin-opt=-pass-through=-lc -plugin-opt=-pass-through=-lgcc -plugin-opt=-pass-through=-lgcc_s --sysroot=/ --build-id --eh-frame-hdr -m elf_x86_64 --hash-style=gnu --as-needed -export-dynamic -dynamic-linker /lib64/ld-linux-x86-64.so.2 -z relro -o cmTryCompileExec1581991997 /usr/lib/gcc/x86_64-linux-gnu/4.9/../../../x86_64-linux-gnu/crt1.o /usr/lib/gcc/x86_64-linux-gnu/4.9/../../../x86_64-linux-gnu/crti.o /usr/lib/gcc/x86_64-linux-gnu/4.9/crtbegin.o -L/usr/lib/gcc/x86_64-linux-gnu/4.9 -L/usr/lib/gcc/x86_64-linux-gnu/4.9/../../../x86_64-linux-gnu -L/usr/lib/gcc/x86_64-linux-gnu/4.9/../../../../lib -L/lib/x86_64-linux-gnu -L/lib/../lib -L/usr/lib/x86_64-linux-gnu -L/usr/lib/../lib -L/usr/lib/gcc/x86_64-linux-gnu/4.9/../../.. CMakeFiles/cmTryCompileExec1581991997.dir/CMakeCCompilerABI.c.o -lgcc --as-needed -lgcc_s --no-as-needed -lc -lgcc --as-needed -lgcc_s --no-as-needed /usr/lib/gcc/x86_64-linux-gnu/4.9/crtend.o /usr/lib/gcc/x86_64-linux-gnu/4.9/../../../x86_64-linux-gnu/crtn.o
make[1]: Leaving directory '/home/lancelot/git/nginx/third-lib/libressl-2.3.1/build/CMakeFiles/CMakeTmp'


Parsed C implicit link information from above output:
  link line regex: [^( *|.*[/\])(ld|([^/\]+-)?ld|collect2)[^/\]*( |$)]
  ignore line: [Change Dir: /home/lancelot/git/nginx/third-lib/libressl-2.3.1/build/CMakeFiles/CMakeTmp]
  ignore line: []
  ignore line: [Run Build Command:"/usr/bin/make" "cmTryCompileExec1581991997/fast"]
  ignore line: [/usr/bin/make -f CMakeFiles/cmTryCompileExec1581991997.dir/build.make CMakeFiles/cmTryCompileExec1581991997.dir/build]
  ignore line: [make[1]: Entering directory '/home/lancelot/git/nginx/third-lib/libressl-2.3.1/build/CMakeFiles/CMakeTmp']
  ignore line: [/usr/bin/cmake -E cmake_progress_report /home/lancelot/git/nginx/third-lib/libressl-2.3.1/build/CMakeFiles/CMakeTmp/CMakeFiles 1]
  ignore line: [Building C object CMakeFiles/cmTryCompileExec1581991997.dir/CMakeCCompilerABI.c.o]
  ignore line: [/usr/bin/cc    -o CMakeFiles/cmTryCompileExec1581991997.dir/CMakeCCompilerABI.c.o   -c /usr/share/cmake-3.0/Modules/CMakeCCompilerABI.c]
  ignore line: [Linking C executable cmTryCompileExec1581991997]
  ignore line: [/usr/bin/cmake -E cmake_link_script CMakeFiles/cmTryCompileExec1581991997.dir/link.txt --verbose=1]
  ignore line: [/usr/bin/cc     -v CMakeFiles/cmTryCompileExec1581991997.dir/CMakeCCompilerABI.c.o  -o cmTryCompileExec1581991997 -rdynamic  ]
  ignore line: [Using built-in specs.]
  ignore line: [COLLECT_GCC=/usr/bin/cc]
  ignore line: [COLLECT_LTO_WRAPPER=/usr/lib/gcc/x86_64-linux-gnu/4.9/lto-wrapper]
  ignore line: [Target: x86_64-linux-gnu]
  ignore line: [Configured with: ../src/configure -v --with-pkgversion='Ubuntu 4.9.2-10ubuntu13' --with-bugurl=file:///usr/share/doc/gcc-4.9/README.Bugs --enable-languages=c,c++,java,go,d,fortran,objc,obj-c++ --prefix=/usr --program-suffix=-4.9 --enable-shared --enable-linker-build-id --libexecdir=/usr/lib --without-included-gettext --enable-threads=posix --with-gxx-include-dir=/usr/include/c++/4.9 --libdir=/usr/lib --enable-nls --with-sysroot=/ --enable-clocale=gnu --enable-libstdcxx-debug --enable-libstdcxx-time=yes --enable-gnu-unique-object --disable-vtable-verify --enable-plugin --with-system-zlib --disable-browser-plugin --enable-java-awt=gtk --enable-gtk-cairo --with-java-home=/usr/lib/jvm/java-1.5.0-gcj-4.9-amd64/jre --enable-java-home --with-jvm-root-dir=/usr/lib/jvm/java-1.5.0-gcj-4.9-amd64 --with-jvm-jar-dir=/usr/lib/jvm-exports/java-1.5.0-gcj-4.9-amd64 --with-arch-directory=amd64 --with-ecj-jar=/usr/share/java/eclipse-ecj.jar --enable-objc-gc --enable-multiarch --disable-werror --with-arch-32=i686 --with-abi=m64 --with-multilib-list=m32,m64,mx32 --enable-multilib --with-tune=generic --enable-checking=release --build=x86_64-linux-gnu --host=x86_64-linux-gnu --target=x86_64-linux-gnu]
  ignore line: [Thread model: posix]
  ignore line: [gcc version 4.9.2 (Ubuntu 4.9.2-10ubuntu13) ]
  ignore line: [COMPILER_PATH=/usr/lib/gcc/x86_64-linux-gnu/4.9/:/usr/lib/gcc/x86_64-linux-gnu/4.9/:/usr/lib/gcc/x86_64-linux-gnu/:/usr/lib/gcc/x86_64-linux-gnu/4.9/:/usr/lib/gcc/x86_64-linux-gnu/]
  ignore line: [LIBRARY_PATH=/usr/lib/gcc/x86_64-linux-gnu/4.9/:/usr/lib/gcc/x86_64-linux-gnu/4.9/../../../x86_64-linux-gnu/:/usr/lib/gcc/x86_64-linux-gnu/4.9/../../../../lib/:/lib/x86_64-linux-gnu/:/lib/../lib/:/usr/lib/x86_64-linux-gnu/:/usr/lib/../lib/:/usr/lib/gcc/x86_64-linux-gnu/4.9/../../../:/lib/:/usr/lib/]
  ignore line: [COLLECT_GCC_OPTIONS='-v' '-o' 'cmTryCompileExec1581991997' '-rdynamic' '-mtune=generic' '-march=x86-64']
  link line: [ /usr/lib/gcc/x86_64-linux-gnu/4.9/collect2 -plugin /usr/lib/gcc/x86_64-linux-gnu/4.9/liblto_plugin.so -plugin-opt=/usr/lib/gcc/x86_64-linux-gnu/4.9/lto-wrapper -plugin-opt=-fresolution=/tmp/cc9BlhAw.res -plugin-opt=-pass-through=-lgcc -plugin-opt=-pass-through=-lgcc_s -plugin-opt=-pass-through=-lc -plugin-opt=-pass-through=-lgcc -plugin-opt=-pass-through=-lgcc_s --sysroot=/ --build-id --eh-frame-hdr -m elf_x86_64 --hash-style=gnu --as-needed -export-dynamic -dynamic-linker /lib64/ld-linux-x86-64.so.2 -z relro -o cmTryCompileExec1581991997 /usr/lib/gcc/x86_64-linux-gnu/4.9/../../../x86_64-linux-gnu/crt1.o /usr/lib/gcc/x86_64-linux-gnu/4.9/../../../x86_64-linux-gnu/crti.o /usr/lib/gcc/x86_64-linux-gnu/4.9/crtbegin.o -L/usr/lib/gcc/x86_64-linux-gnu/4.9 -L/usr/lib/gcc/x86_64-linux-gnu/4.9/../../../x86_64-linux-gnu -L/usr/lib/gcc/x86_64-linux-gnu/4.9/../../../../lib -L/lib/x86_64-linux-gnu -L/lib/../lib -L/usr/lib/x86_64-linux-gnu -L/usr/lib/../lib -L/usr/lib/gcc/x86_64-linux-gnu/4.9/../../.. CMakeFiles/cmTryCompileExec1581991997.dir/CMakeCCompilerABI.c.o -lgcc --as-needed -lgcc_s --no-as-needed -lc -lgcc --as-needed -lgcc_s --no-as-needed /usr/lib/gcc/x86_64-linux-gnu/4.9/crtend.o /usr/lib/gcc/x86_64-linux-gnu/4.9/../../../x86_64-linux-gnu/crtn.o]
    arg [/usr/lib/gcc/x86_64-linux-gnu/4.9/collect2] ==> ignore
    arg [-plugin] ==> ignore
    arg [/usr/lib/gcc/x86_64-linux-gnu/4.9/liblto_plugin.so] ==> ignore
    arg [-plugin-opt=/usr/lib/gcc/x86_64-linux-gnu/4.9/lto-wrapper] ==> ignore
    arg [-plugin-opt=-fresolution=/tmp/cc9BlhAw.res] ==> ignore
    arg [-plugin-opt=-pass-through=-lgcc] ==> ignore
    arg [-plugin-opt=-pass-through=-lgcc_s] ==> ignore
    arg [-plugin-opt=-pass-through=-lc] ==> ignore
    arg [-plugin-opt=-pass-through=-lgcc] ==> ignore
    arg [-plugin-opt=-pass-through=-lgcc_s] ==> ignore
    arg [--sysroot=/] ==> ignore
    arg [--build-id] ==> ignore
    arg [--eh-frame-hdr] ==> ignore
    arg [-m] ==> ignore
    arg [elf_x86_64] ==> ignore
    arg [--hash-style=gnu] ==> ignore
    arg [--as-needed] ==> ignore
    arg [-export-dynamic] ==> ignore
    arg [-dynamic-linker] ==> ignore
    arg [/lib64/ld-linux-x86-64.so.2] ==> ignore
    arg [-zrelro] ==> ignore
    arg [-o] ==> ignore
    arg [cmTryCompileExec1581991997] ==> ignore
    arg [/usr/lib/gcc/x86_64-linux-gnu/4.9/../../../x86_64-linux-gnu/crt1.o] ==> ignore
    arg [/usr/lib/gcc/x86_64-linux-gnu/4.9/../../../x86_64-linux-gnu/crti.o] ==> ignore
    arg [/usr/lib/gcc/x86_64-linux-gnu/4.9/crtbegin.o] ==> ignore
    arg [-L/usr/lib/gcc/x86_64-linux-gnu/4.9] ==> dir [/usr/lib/gcc/x86_64-linux-gnu/4.9]
    arg [-L/usr/lib/gcc/x86_64-linux-gnu/4.9/../../../x86_64-linux-gnu] ==> dir [/usr/lib/gcc/x86_64-linux-gnu/4.9/../../../x86_64-linux-gnu]
    arg [-L/usr/lib/gcc/x86_64-linux-gnu/4.9/../../../../lib] ==> dir [/usr/lib/gcc/x86_64-linux-gnu/4.9/../../../../lib]
    arg [-L/lib/x86_64-linux-gnu] ==> dir [/lib/x86_64-linux-gnu]
    arg [-L/lib/../lib] ==> dir [/lib/../lib]
    arg [-L/usr/lib/x86_64-linux-gnu] ==> dir [/usr/lib/x86_64-linux-gnu]
    arg [-L/usr/lib/../lib] ==> dir [/usr/lib/../lib]
    arg [-L/usr/lib/gcc/x86_64-linux-gnu/4.9/../../..] ==> dir [/usr/lib/gcc/x86_64-linux-gnu/4.9/../../..]
    arg [CMakeFiles/cmTryCompileExec1581991997.dir/CMakeCCompilerABI.c.o] ==> ignore
    arg [-lgcc] ==> lib [gcc]
    arg [--as-needed] ==> ignore
    arg [-lgcc_s] ==> lib [gcc_s]
    arg [--no-as-needed] ==> ignore
    arg [-lc] ==> lib [c]
    arg [-lgcc] ==> lib [gcc]
    arg [--as-needed] ==> ignore
    arg [-lgcc_s] ==> lib [gcc_s]
    arg [--no-as-needed] ==> ignore
    arg [/usr/lib/gcc/x86_64-linux-gnu/4.9/crtend.o] ==> ignore
    arg [/usr/lib/gcc/x86_64-linux-gnu/4.9/../../../x86_64-linux-gnu/crtn.o] ==> ignore
  remove lib [gcc]
  remove lib [gcc_s]
  remove lib [gcc]
  remove lib [gcc_s]
  collapse library dir [/usr/lib/gcc/x86_64-linux-gnu/4.9] ==> [/usr/lib/gcc/x86_64-linux-gnu/4.9]
  collapse library dir [/usr/lib/gcc/x86_64-linux-gnu/4.9/../../../x86_64-linux-gnu] ==> [/usr/lib/x86_64-linux-gnu]
  collapse library dir [/usr/lib/gcc/x86_64-linux-gnu/4.9/../../../../lib] ==> [/usr/lib]
  collapse library dir [/lib/x86_64-linux-gnu] ==> [/lib/x86_64-linux-gnu]
  collapse library dir [/lib/../lib] ==> [/lib]
  collapse library dir [/usr/lib/x86_64-linux-gnu] ==> [/usr/lib/x86_64-linux-gnu]
  collapse library dir [/usr/lib/../lib] ==> [/usr/lib]
  collapse library dir [/usr/lib/gcc/x86_64-linux-gnu/4.9/../../..] ==> [/usr/lib]
  implicit libs: [c]
  implicit dirs: [/usr/lib/gcc/x86_64-linux-gnu/4.9;/usr/lib/x86_64-linux-gnu;/usr/lib;/lib/x86_64-linux-gnu;/lib]
  implicit fwks: []


Determining if the CXX compiler works passed with the following output:
Change Dir: /home/lancelot/git/nginx/third-lib/libressl-2.3.1/build/CMakeFiles/CMakeTmp

Run Build Command:"/usr/bin/make" "cmTryCompileExec2917582323/fast"
/usr/bin/make -f CMakeFiles/cmTryCompileExec2917582323.dir/build.make CMakeFiles/cmTryCompileExec2917582323.dir/build
make[1]: Entering directory '/home/lancelot/git/nginx/third-lib/libressl-2.3.1/build/CMakeFiles/CMakeTmp'
/usr/bin/cmake -E cmake_progress_report /home/lancelot/git/nginx/third-lib/libressl-2.3.1/build/CMakeFiles/CMakeTmp/CMakeFiles 1
Building CXX object CMakeFiles/cmTryCompileExec2917582323.dir/testCXXCompiler.cxx.o
/usr/bin/c++     -o CMakeFiles/cmTryCompileExec2917582323.dir/testCXXCompiler.cxx.o -c /home/lancelot/git/nginx/third-lib/libressl-2.3.1/build/CMakeFiles/CMakeTmp/testCXXCompiler.cxx
Linking CXX executable cmTryCompileExec2917582323
/usr/bin/cmake -E cmake_link_script CMakeFiles/cmTryCompileExec2917582323.dir/link.txt --verbose=1
/usr/bin/c++        CMakeFiles/cmTryCompileExec2917582323.dir/testCXXCompiler.cxx.o  -o cmTryCompileExec2917582323 -rdynamic 
make[1]: Leaving directory '/home/lancelot/git/nginx/third-lib/libressl-2.3.1/build/CMakeFiles/CMakeTmp'


Detecting CXX compiler ABI info compiled with the following output:
Change Dir: /home/lancelot/git/nginx/third-lib/libressl-2.3.1/build/CMakeFiles/CMakeTmp

Run Build Command:"/usr/bin/make" "cmTryCompileExec1899599045/fast"
/usr/bin/make -f CMakeFiles/cmTryCompileExec1899599045.dir/build.make CMakeFiles/cmTryCompileExec1899599045.dir/build
make[1]: Entering directory '/home/lancelot/git/nginx/third-lib/libressl-2.3.1/build/CMakeFiles/CMakeTmp'
/usr/bin/cmake -E cmake_progress_report /home/lancelot/git/nginx/third-lib/libressl-2.3.1/build/CMakeFiles/CMakeTmp/CMakeFiles 1
Building CXX object CMakeFiles/cmTryCompileExec1899599045.dir/CMakeCXXCompilerABI.cpp.o
/usr/bin/c++     -o CMakeFiles/cmTryCompileExec1899599045.dir/CMakeCXXCompilerABI.cpp.o -c /usr/share/cmake-3.0/Modules/CMakeCXXCompilerABI.cpp
Linking CXX executable cmTryCompileExec1899599045
/usr/bin/cmake -E cmake_link_script CMakeFiles/cmTryCompileExec1899599045.dir/link.txt --verbose=1
/usr/bin/c++      -v CMakeFiles/cmTryCompileExec1899599045.dir/CMakeCXXCompilerABI.cpp.o  -o cmTryCompileExec1899599045 -rdynamic  
Using built-in specs.
COLLECT_GCC=/usr/bin/c++
COLLECT_LTO_WRAPPER=/usr/lib/gcc/x86_64-linux-gnu/4.9/lto-wrapper
Target: x86_64-linux-gnu
Configured with: ../src/configure -v --with-pkgversion='Ubuntu 4.9.2-10ubuntu13' --with-bugurl=file:///usr/share/doc/gcc-4.9/README.Bugs --enable-languages=c,c++,java,go,d,fortran,objc,obj-c++ --prefix=/usr --program-suffix=-4.9 --enable-shared --enable-linker-build-id --libexecdir=/usr/lib --without-included-gettext --enable-threads=posix --with-gxx-include-dir=/usr/include/c++/4.9 --libdir=/usr/lib --enable-nls --with-sysroot=/ --enable-clocale=gnu --enable-libstdcxx-debug --enable-libstdcxx-time=yes --enable-gnu-unique-object --disable-vtable-verify --enable-plugin --with-system-zlib --disable-browser-plugin --enable-java-awt=gtk --enable-gtk-cairo --with-java-home=/usr/lib/jvm/java-1.5.0-gcj-4.9-amd64/jre --enable-java-home --with-jvm-root-dir=/usr/lib/jvm/java-1.5.0-gcj-4.9-amd64 --with-jvm-jar-dir=/usr/lib/jvm-exports/java-1.5.0-gcj-4.9-amd64 --with-arch-directory=amd64 --with-ecj-jar=/usr/share/java/eclipse-ecj.jar --enable-objc-gc --enable-multiarch --disable-werror --with-arch-32=i686 --with-abi=m64 --with-multilib-list=m32,m64,mx32 --enable-multilib --with-tune=generic --enable-checking=release --build=x86_64-linux-gnu --host=x86_64-linux-gnu --target=x86_64-linux-gnu
Thread model: posix
gcc version 4.9.2 (Ubuntu 4.9.2-10ubuntu13) 
COMPILER_PATH=/usr/lib/gcc/x86_64-linux-gnu/4.9/:/usr/lib/gcc/x86_64-linux-gnu/4.9/:/usr/lib/gcc/x86_64-linux-gnu/:/usr/lib/gcc/x86_64-linux-gnu/4.9/:/usr/lib/gcc/x86_64-linux-gnu/
LIBRARY_PATH=/usr/lib/gcc/x86_64-linux-gnu/4.9/:/usr/lib/gcc/x86_64-linux-gnu/4.9/../../../x86_64-linux-gnu/:/usr/lib/gcc/x86_64-linux-gnu/4.9/../../../../lib/:/lib/x86_64-linux-gnu/:/lib/../lib/:/usr/lib/x86_64-linux-gnu/:/usr/lib/../lib/:/usr/lib/gcc/x86_64-linux-gnu/4.9/../../../:/lib/:/usr/lib/
COLLECT_GCC_OPTIONS='-v' '-o' 'cmTryCompileExec1899599045' '-rdynamic' '-shared-libgcc' '-mtune=generic' '-march=x86-64'
 /usr/lib/gcc/x86_64-linux-gnu/4.9/collect2 -plugin /usr/lib/gcc/x86_64-linux-gnu/4.9/liblto_plugin.so -plugin-opt=/usr/lib/gcc/x86_64-linux-gnu/4.9/lto-wrapper -plugin-opt=-fresolution=/tmp/ccZXeDbN.res -plugin-opt=-pass-through=-lgcc_s -plugin-opt=-pass-through=-lgcc -plugin-opt=-pass-through=-lc -plugin-opt=-pass-through=-lgcc_s -plugin-opt=-pass-through=-lgcc --sysroot=/ --build-id --eh-frame-hdr -m elf_x86_64 --hash-style=gnu --as-needed -export-dynamic -dynamic-linker /lib64/ld-linux-x86-64.so.2 -z relro -o cmTryCompileExec1899599045 /usr/lib/gcc/x86_64-linux-gnu/4.9/../../../x86_64-linux-gnu/crt1.o /usr/lib/gcc/x86_64-linux-gnu/4.9/../../../x86_64-linux-gnu/crti.o /usr/lib/gcc/x86_64-linux-gnu/4.9/crtbegin.o -L/usr/lib/gcc/x86_64-linux-gnu/4.9 -L/usr/lib/gcc/x86_64-linux-gnu/4.9/../../../x86_64-linux-gnu -L/usr/lib/gcc/x86_64-linux-gnu/4.9/../../../../lib -L/lib/x86_64-linux-gnu -L/lib/../lib -L/usr/lib/x86_64-linux-gnu -L/usr/lib/../lib -L/usr/lib/gcc/x86_64-linux-gnu/4.9/../../.. CMakeFiles/cmTryCompileExec1899599045.dir/CMakeCXXCompilerABI.cpp.o -lstdc++ -lm -lgcc_s -lgcc -lc -lgcc_s -lgcc /usr/lib/gcc/x86_64-linux-gnu/4.9/crtend.o /usr/lib/gcc/x86_64-linux-gnu/4.9/../../../x86_64-linux-gnu/crtn.o
make[1]: Leaving directory '/home/lancelot/git/nginx/third-lib/libressl-2.3.1/build/CMakeFiles/CMakeTmp'


Parsed CXX implicit link information from above output:
  link line regex: [^( *|.*[/\])(ld|([^/\]+-)?ld|collect2)[^/\]*( |$)]
  ignore line: [Change Dir: /home/lancelot/git/nginx/third-lib/libressl-2.3.1/build/CMakeFiles/CMakeTmp]
  ignore line: []
  ignore line: [Run Build Command:"/usr/bin/make" "cmTryCompileExec1899599045/fast"]
  ignore line: [/usr/bin/make -f CMakeFiles/cmTryCompileExec1899599045.dir/build.make CMakeFiles/cmTryCompileExec1899599045.dir/build]
  ignore line: [make[1]: Entering directory '/home/lancelot/git/nginx/third-lib/libressl-2.3.1/build/CMakeFiles/CMakeTmp']
  ignore line: [/usr/bin/cmake -E cmake_progress_report /home/lancelot/git/nginx/third-lib/libressl-2.3.1/build/CMakeFiles/CMakeTmp/CMakeFiles 1]
  ignore line: [Building CXX object CMakeFiles/cmTryCompileExec1899599045.dir/CMakeCXXCompilerABI.cpp.o]
  ignore line: [/usr/bin/c++     -o CMakeFiles/cmTryCompileExec1899599045.dir/CMakeCXXCompilerABI.cpp.o -c /usr/share/cmake-3.0/Modules/CMakeCXXCompilerABI.cpp]
  ignore line: [Linking CXX executable cmTryCompileExec1899599045]
  ignore line: [/usr/bin/cmake -E cmake_link_script CMakeFiles/cmTryCompileExec1899599045.dir/link.txt --verbose=1]
  ignore line: [/usr/bin/c++      -v CMakeFiles/cmTryCompileExec1899599045.dir/CMakeCXXCompilerABI.cpp.o  -o cmTryCompileExec1899599045 -rdynamic  ]
  ignore line: [Using built-in specs.]
  ignore line: [COLLECT_GCC=/usr/bin/c++]
  ignore line: [COLLECT_LTO_WRAPPER=/usr/lib/gcc/x86_64-linux-gnu/4.9/lto-wrapper]
  ignore line: [Target: x86_64-linux-gnu]
  ignore line: [Configured with: ../src/configure -v --with-pkgversion='Ubuntu 4.9.2-10ubuntu13' --with-bugurl=file:///usr/share/doc/gcc-4.9/README.Bugs --enable-languages=c,c++,java,go,d,fortran,objc,obj-c++ --prefix=/usr --program-suffix=-4.9 --enable-shared --enable-linker-build-id --libexecdir=/usr/lib --without-included-gettext --enable-threads=posix --with-gxx-include-dir=/usr/include/c++/4.9 --libdir=/usr/lib --enable-nls --with-sysroot=/ --enable-clocale=gnu --enable-libstdcxx-debug --enable-libstdcxx-time=yes --enable-gnu-unique-object --disable-vtable-verify --enable-plugin --with-system-zlib --disable-browser-plugin --enable-java-awt=gtk --enable-gtk-cairo --with-java-home=/usr/lib/jvm/java-1.5.0-gcj-4.9-amd64/jre --enable-java-home --with-jvm-root-dir=/usr/lib/jvm/java-1.5.0-gcj-4.9-amd64 --with-jvm-jar-dir=/usr/lib/jvm-exports/java-1.5.0-gcj-4.9-amd64 --with-arch-directory=amd64 --with-ecj-jar=/usr/share/java/eclipse-ecj.jar --enable-objc-gc --enable-multiarch --disable-werror --with-arch-32=i686 --with-abi=m64 --with-multilib-list=m32,m64,mx32 --enable-multilib --with-tune=generic --enable-checking=release --build=x86_64-linux-gnu --host=x86_64-linux-gnu --target=x86_64-linux-gnu]
  ignore line: [Thread model: posix]
  ignore line: [gcc version 4.9.2 (Ubuntu 4.9.2-10ubuntu13) ]
  ignore line: [COMPILER_PATH=/usr/lib/gcc/x86_64-linux-gnu/4.9/:/usr/lib/gcc/x86_64-linux-gnu/4.9/:/usr/lib/gcc/x86_64-linux-gnu/:/usr/lib/gcc/x86_64-linux-gnu/4.9/:/usr/lib/gcc/x86_64-linux-gnu/]
  ignore line: [LIBRARY_PATH=/usr/lib/gcc/x86_64-linux-gnu/4.9/:/usr/lib/gcc/x86_64-linux-gnu/4.9/../../../x86_64-linux-gnu/:/usr/lib/gcc/x86_64-linux-gnu/4.9/../../../../lib/:/lib/x86_64-linux-gnu/:/lib/../lib/:/usr/lib/x86_64-linux-gnu/:/usr/lib/../lib/:/usr/lib/gcc/x86_64-linux-gnu/4.9/../../../:/lib/:/usr/lib/]
  ignore line: [COLLECT_GCC_OPTIONS='-v' '-o' 'cmTryCompileExec1899599045' '-rdynamic' '-shared-libgcc' '-mtune=generic' '-march=x86-64']
  link line: [ /usr/lib/gcc/x86_64-linux-gnu/4.9/collect2 -plugin /usr/lib/gcc/x86_64-linux-gnu/4.9/liblto_plugin.so -plugin-opt=/usr/lib/gcc/x86_64-linux-gnu/4.9/lto-wrapper -plugin-opt=-fresolution=/tmp/ccZXeDbN.res -plugin-opt=-pass-through=-lgcc_s -plugin-opt=-pass-through=-lgcc -plugin-opt=-pass-through=-lc -plugin-opt=-pass-through=-lgcc_s -plugin-opt=-pass-through=-lgcc --sysroot=/ --build-id --eh-frame-hdr -m elf_x86_64 --hash-style=gnu --as-needed -export-dynamic -dynamic-linker /lib64/ld-linux-x86-64.so.2 -z relro -o cmTryCompileExec1899599045 /usr/lib/gcc/x86_64-linux-gnu/4.9/../../../x86_64-linux-gnu/crt1.o /usr/lib/gcc/x86_64-linux-gnu/4.9/../../../x86_64-linux-gnu/crti.o /usr/lib/gcc/x86_64-linux-gnu/4.9/crtbegin.o -L/usr/lib/gcc/x86_64-linux-gnu/4.9 -L/usr/lib/gcc/x86_64-linux-gnu/4.9/../../../x86_64-linux-gnu -L/usr/lib/gcc/x86_64-linux-gnu/4.9/../../../../lib -L/lib/x86_64-linux-gnu -L/lib/../lib -L/usr/lib/x86_64-linux-gnu -L/usr/lib/../lib -L/usr/lib/gcc/x86_64-linux-gnu/4.9/../../.. CMakeFiles/cmTryCompileExec1899599045.dir/CMakeCXXCompilerABI.cpp.o -lstdc++ -lm -lgcc_s -lgcc -lc -lgcc_s -lgcc /usr/lib/gcc/x86_64-linux-gnu/4.9/crtend.o /usr/lib/gcc/x86_64-linux-gnu/4.9/../../../x86_64-linux-gnu/crtn.o]
    arg [/usr/lib/gcc/x86_64-linux-gnu/4.9/collect2] ==> ignore
    arg [-plugin] ==> ignore
    arg [/usr/lib/gcc/x86_64-linux-gnu/4.9/liblto_plugin.so] ==> ignore
    arg [-plugin-opt=/usr/lib/gcc/x86_64-linux-gnu/4.9/lto-wrapper] ==> ignore
    arg [-plugin-opt=-fresolution=/tmp/ccZXeDbN.res] ==> ignore
    arg [-plugin-opt=-pass-through=-lgcc_s] ==> ignore
    arg [-plugin-opt=-pass-through=-lgcc] ==> ignore
    arg [-plugin-opt=-pass-through=-lc] ==> ignore
    arg [-plugin-opt=-pass-through=-lgcc_s] ==> ignore
    arg [-plugin-opt=-pass-through=-lgcc] ==> ignore
    arg [--sysroot=/] ==> ignore
    arg [--build-id] ==> ignore
    arg [--eh-frame-hdr] ==> ignore
    arg [-m] ==> ignore
    arg [elf_x86_64] ==> ignore
    arg [--hash-style=gnu] ==> ignore
    arg [--as-needed] ==> ignore
    arg [-export-dynamic] ==> ignore
    arg [-dynamic-linker] ==> ignore
    arg [/lib64/ld-linux-x86-64.so.2] ==> ignore
    arg [-zrelro] ==> ignore
    arg [-o] ==> ignore
    arg [cmTryCompileExec1899599045] ==> ignore
    arg [/usr/lib/gcc/x86_64-linux-gnu/4.9/../../../x86_64-linux-gnu/crt1.o] ==> ignore
    arg [/usr/lib/gcc/x86_64-linux-gnu/4.9/../../../x86_64-linux-gnu/crti.o] ==> ignore
    arg [/usr/lib/gcc/x86_64-linux-gnu/4.9/crtbegin.o] ==> ignore
    arg [-L/usr/lib/gcc/x86_64-linux-gnu/4.9] ==> dir [/usr/lib/gcc/x86_64-linux-gnu/4.9]
    arg [-L/usr/lib/gcc/x86_64-linux-gnu/4.9/../../../x86_64-linux-gnu] ==> dir [/usr/lib/gcc/x86_64-linux-gnu/4.9/../../../x86_64-linux-gnu]
    arg [-L/usr/lib/gcc/x86_64-linux-gnu/4.9/../../../../lib] ==> dir [/usr/lib/gcc/x86_64-linux-gnu/4.9/../../../../lib]
    arg [-L/lib/x86_64-linux-gnu] ==> dir [/lib/x86_64-linux-gnu]
    arg [-L/lib/../lib] ==> dir [/lib/../lib]
    arg [-L/usr/lib/x86_64-linux-gnu] ==> dir [/usr/lib/x86_64-linux-gnu]
    arg [-L/usr/lib/../lib] ==> dir [/usr/lib/../lib]
    arg [-L/usr/lib/gcc/x86_64-linux-gnu/4.9/../../..] ==> dir [/usr/lib/gcc/x86_64-linux-gnu/4.9/../../..]
    arg [CMakeFiles/cmTryCompileExec1899599045.dir/CMakeCXXCompilerABI.cpp.o] ==> ignore
    arg [-lstdc++] ==> lib [stdc++]
    arg [-lm] ==> lib [m]
    arg [-lgcc_s] ==> lib [gcc_s]
    arg [-lgcc] ==> lib [gcc]
    arg [-lc] ==> lib [c]
    arg [-lgcc_s] ==> lib [gcc_s]
    arg [-lgcc] ==> lib [gcc]
    arg [/usr/lib/gcc/x86_64-linux-gnu/4.9/crtend.o] ==> ignore
    arg [/usr/lib/gcc/x86_64-linux-gnu/4.9/../../../x86_64-linux-gnu/crtn.o] ==> ignore
  remove lib [gcc_s]
  remove lib [gcc]
  remove lib [gcc_s]
  remove lib [gcc]
  collapse library dir [/usr/lib/gcc/x86_64-linux-gnu/4.9] ==> [/usr/lib/gcc/x86_64-linux-gnu/4.9]
  collapse library dir [/usr/lib/gcc/x86_64-linux-gnu/4.9/../../../x86_64-linux-gnu] ==> [/usr/lib/x86_64-linux-gnu]
  collapse library dir [/usr/lib/gcc/x86_64-linux-gnu/4.9/../../../../lib] ==> [/usr/lib]
  collapse library dir [/lib/x86_64-linux-gnu] ==> [/lib/x86_64-linux-gnu]
  collapse library dir [/lib/../lib] ==> [/lib]
  collapse library dir [/usr/lib/x86_64-linux-gnu] ==> [/usr/lib/x86_64-linux-gnu]
  collapse library dir [/usr/lib/../lib] ==> [/usr/lib]
  collapse library dir [/usr/lib/gcc/x86_64-linux-gnu/4.9/../../..] ==> [/usr/lib]
  implicit libs: [stdc++;m;c]
  implicit dirs: [/usr/lib/gcc/x86_64-linux-gnu/4.9;/usr/lib/x86_64-linux-gnu;/usr/lib;/lib/x86_64-linux-gnu;/lib]
  implicit fwks: []


Determining if the function asprintf exists passed with the following output:
Change Dir: /home/lancelot/git/nginx/third-lib/libressl-2.3.1/build/CMakeFiles/CMakeTmp

Run Build Command:"/usr/bin/make" "cmTryCompileExec52105947/fast"
/usr/bin/make -f CMakeFiles/cmTryCompileExec52105947.dir/build.make CMakeFiles/cmTryCompileExec52105947.dir/build
make[1]: Entering directory '/home/lancelot/git/nginx/third-lib/libressl-2.3.1/build/CMakeFiles/CMakeTmp'
/usr/bin/cmake -E cmake_progress_report /home/lancelot/git/nginx/third-lib/libressl-2.3.1/build/CMakeFiles/CMakeTmp/CMakeFiles 1
Building C object CMakeFiles/cmTryCompileExec52105947.dir/CheckFunctionExists.c.o
/usr/bin/cc   -DCHECK_FUNCTION_EXISTS=asprintf -fPIE   -o CMakeFiles/cmTryCompileExec52105947.dir/CheckFunctionExists.c.o   -c /usr/share/cmake-3.0/Modules/CheckFunctionExists.c
Linking C executable cmTryCompileExec52105947
/usr/bin/cmake -E cmake_link_script CMakeFiles/cmTryCompileExec52105947.dir/link.txt --verbose=1
/usr/bin/cc   -DCHECK_FUNCTION_EXISTS=asprintf    CMakeFiles/cmTryCompileExec52105947.dir/CheckFunctionExists.c.o  -o cmTryCompileExec52105947 -rdynamic 
make[1]: Leaving directory '/home/lancelot/git/nginx/third-lib/libressl-2.3.1/build/CMakeFiles/CMakeTmp'


Determining if the function inet_pton exists passed with the following output:
Change Dir: /home/lancelot/git/nginx/third-lib/libressl-2.3.1/build/CMakeFiles/CMakeTmp

Run Build Command:"/usr/bin/make" "cmTryCompileExec3676118584/fast"
/usr/bin/make -f CMakeFiles/cmTryCompileExec3676118584.dir/build.make CMakeFiles/cmTryCompileExec3676118584.dir/build
make[1]: Entering directory '/home/lancelot/git/nginx/third-lib/libressl-2.3.1/build/CMakeFiles/CMakeTmp'
/usr/bin/cmake -E cmake_progress_report /home/lancelot/git/nginx/third-lib/libressl-2.3.1/build/CMakeFiles/CMakeTmp/CMakeFiles 1
Building C object CMakeFiles/cmTryCompileExec3676118584.dir/CheckFunctionExists.c.o
/usr/bin/cc   -DCHECK_FUNCTION_EXISTS=inet_pton -fPIE   -o CMakeFiles/cmTryCompileExec3676118584.dir/CheckFunctionExists.c.o   -c /usr/share/cmake-3.0/Modules/CheckFunctionExists.c
Linking C executable cmTryCompileExec3676118584
/usr/bin/cmake -E cmake_link_script CMakeFiles/cmTryCompileExec3676118584.dir/link.txt --verbose=1
/usr/bin/cc   -DCHECK_FUNCTION_EXISTS=inet_pton    CMakeFiles/cmTryCompileExec3676118584.dir/CheckFunctionExists.c.o  -o cmTryCompileExec3676118584 -rdynamic 
make[1]: Leaving directory '/home/lancelot/git/nginx/third-lib/libressl-2.3.1/build/CMakeFiles/CMakeTmp'


Determining if the function strcasecmp exists passed with the following output:
Change Dir: /home/lancelot/git/nginx/third-lib/libressl-2.3.1/build/CMakeFiles/CMakeTmp

Run Build Command:"/usr/bin/make" "cmTryCompileExec3413257306/fast"
/usr/bin/make -f CMakeFiles/cmTryCompileExec3413257306.dir/build.make CMakeFiles/cmTryCompileExec3413257306.dir/build
make[1]: Entering directory '/home/lancelot/git/nginx/third-lib/libressl-2.3.1/build/CMakeFiles/CMakeTmp'
/usr/bin/cmake -E cmake_progress_report /home/lancelot/git/nginx/third-lib/libressl-2.3.1/build/CMakeFiles/CMakeTmp/CMakeFiles 1
Building C object CMakeFiles/cmTryCompileExec3413257306.dir/CheckFunctionExists.c.o
/usr/bin/cc   -DCHECK_FUNCTION_EXISTS=strcasecmp -fPIE   -o CMakeFiles/cmTryCompileExec3413257306.dir/CheckFunctionExists.c.o   -c /usr/share/cmake-3.0/Modules/CheckFunctionExists.c
<command-line>:0:23: warning: conflicting types for built-in function ‘strcasecmp’
/usr/share/cmake-3.0/Modules/CheckFunctionExists.c:3:6: note: in expansion of macro ‘CHECK_FUNCTION_EXISTS’
 char CHECK_FUNCTION_EXISTS();
      ^
Linking C executable cmTryCompileExec3413257306
/usr/bin/cmake -E cmake_link_script CMakeFiles/cmTryCompileExec3413257306.dir/link.txt --verbose=1
/usr/bin/cc   -DCHECK_FUNCTION_EXISTS=strcasecmp    CMakeFiles/cmTryCompileExec3413257306.dir/CheckFunctionExists.c.o  -o cmTryCompileExec3413257306 -rdynamic 
make[1]: Leaving directory '/home/lancelot/git/nginx/third-lib/libressl-2.3.1/build/CMakeFiles/CMakeTmp'


Determining if the function strndup exists passed with the following output:
Change Dir: /home/lancelot/git/nginx/third-lib/libressl-2.3.1/build/CMakeFiles/CMakeTmp

Run Build Command:"/usr/bin/make" "cmTryCompileExec103269130/fast"
/usr/bin/make -f CMakeFiles/cmTryCompileExec103269130.dir/build.make CMakeFiles/cmTryCompileExec103269130.dir/build
make[1]: Entering directory '/home/lancelot/git/nginx/third-lib/libressl-2.3.1/build/CMakeFiles/CMakeTmp'
/usr/bin/cmake -E cmake_progress_report /home/lancelot/git/nginx/third-lib/libressl-2.3.1/build/CMakeFiles/CMakeTmp/CMakeFiles 1
Building C object CMakeFiles/cmTryCompileExec103269130.dir/CheckFunctionExists.c.o
/usr/bin/cc   -DCHECK_FUNCTION_EXISTS=strndup -fPIE   -o CMakeFiles/cmTryCompileExec103269130.dir/CheckFunctionExists.c.o   -c /usr/share/cmake-3.0/Modules/CheckFunctionExists.c
<command-line>:0:23: warning: conflicting types for built-in function ‘strndup’
/usr/share/cmake-3.0/Modules/CheckFunctionExists.c:3:6: note: in expansion of macro ‘CHECK_FUNCTION_EXISTS’
 char CHECK_FUNCTION_EXISTS();
      ^
Linking C executable cmTryCompileExec103269130
/usr/bin/cmake -E cmake_link_script CMakeFiles/cmTryCompileExec103269130.dir/link.txt --verbose=1
/usr/bin/cc   -DCHECK_FUNCTION_EXISTS=strndup    CMakeFiles/cmTryCompileExec103269130.dir/CheckFunctionExists.c.o  -o cmTryCompileExec103269130 -rdynamic 
make[1]: Leaving directory '/home/lancelot/git/nginx/third-lib/libressl-2.3.1/build/CMakeFiles/CMakeTmp'


Determining if the function strnlen exists passed with the following output:
Change Dir: /home/lancelot/git/nginx/third-lib/libressl-2.3.1/build/CMakeFiles/CMakeTmp

Run Build Command:"/usr/bin/make" "cmTryCompileExec3141517423/fast"
/usr/bin/make -f CMakeFiles/cmTryCompileExec3141517423.dir/build.make CMakeFiles/cmTryCompileExec3141517423.dir/build
make[1]: Entering directory '/home/lancelot/git/nginx/third-lib/libressl-2.3.1/build/CMakeFiles/CMakeTmp'
/usr/bin/cmake -E cmake_progress_report /home/lancelot/git/nginx/third-lib/libressl-2.3.1/build/CMakeFiles/CMakeTmp/CMakeFiles 1
Building C object CMakeFiles/cmTryCompileExec3141517423.dir/CheckFunctionExists.c.o
/usr/bin/cc   -DCHECK_FUNCTION_EXISTS=strnlen -fPIE   -o CMakeFiles/cmTryCompileExec3141517423.dir/CheckFunctionExists.c.o   -c /usr/share/cmake-3.0/Modules/CheckFunctionExists.c
Linking C executable cmTryCompileExec3141517423
/usr/bin/cmake -E cmake_link_script CMakeFiles/cmTryCompileExec3141517423.dir/link.txt --verbose=1
/usr/bin/cc   -DCHECK_FUNCTION_EXISTS=strnlen    CMakeFiles/cmTryCompileExec3141517423.dir/CheckFunctionExists.c.o  -o cmTryCompileExec3141517423 -rdynamic 
make[1]: Leaving directory '/home/lancelot/git/nginx/third-lib/libressl-2.3.1/build/CMakeFiles/CMakeTmp'


Determining if the function strsep exists passed with the following output:
Change Dir: /home/lancelot/git/nginx/third-lib/libressl-2.3.1/build/CMakeFiles/CMakeTmp

Run Build Command:"/usr/bin/make" "cmTryCompileExec4202280774/fast"
/usr/bin/make -f CMakeFiles/cmTryCompileExec4202280774.dir/build.make CMakeFiles/cmTryCompileExec4202280774.dir/build
make[1]: Entering directory '/home/lancelot/git/nginx/third-lib/libressl-2.3.1/build/CMakeFiles/CMakeTmp'
/usr/bin/cmake -E cmake_progress_report /home/lancelot/git/nginx/third-lib/libressl-2.3.1/build/CMakeFiles/CMakeTmp/CMakeFiles 1
Building C object CMakeFiles/cmTryCompileExec4202280774.dir/CheckFunctionExists.c.o
/usr/bin/cc   -DCHECK_FUNCTION_EXISTS=strsep -fPIE   -o CMakeFiles/cmTryCompileExec4202280774.dir/CheckFunctionExists.c.o   -c /usr/share/cmake-3.0/Modules/CheckFunctionExists.c
Linking C executable cmTryCompileExec4202280774
/usr/bin/cmake -E cmake_link_script CMakeFiles/cmTryCompileExec4202280774.dir/link.txt --verbose=1
/usr/bin/cc   -DCHECK_FUNCTION_EXISTS=strsep    CMakeFiles/cmTryCompileExec4202280774.dir/CheckFunctionExists.c.o  -o cmTryCompileExec4202280774 -rdynamic 
make[1]: Leaving directory '/home/lancelot/git/nginx/third-lib/libressl-2.3.1/build/CMakeFiles/CMakeTmp'


Determining if the function getauxval exists passed with the following output:
Change Dir: /home/lancelot/git/nginx/third-lib/libressl-2.3.1/build/CMakeFiles/CMakeTmp

Run Build Command:"/usr/bin/make" "cmTryCompileExec12048783/fast"
/usr/bin/make -f CMakeFiles/cmTryCompileExec12048783.dir/build.make CMakeFiles/cmTryCompileExec12048783.dir/build
make[1]: Entering directory '/home/lancelot/git/nginx/third-lib/libressl-2.3.1/build/CMakeFiles/CMakeTmp'
/usr/bin/cmake -E cmake_progress_report /home/lancelot/git/nginx/third-lib/libressl-2.3.1/build/CMakeFiles/CMakeTmp/CMakeFiles 1
Building C object CMakeFiles/cmTryCompileExec12048783.dir/CheckFunctionExists.c.o
/usr/bin/cc   -DCHECK_FUNCTION_EXISTS=getauxval -fPIE   -o CMakeFiles/cmTryCompileExec12048783.dir/CheckFunctionExists.c.o   -c /usr/share/cmake-3.0/Modules/CheckFunctionExists.c
Linking C executable cmTryCompileExec12048783
/usr/bin/cmake -E cmake_link_script CMakeFiles/cmTryCompileExec12048783.dir/link.txt --verbose=1
/usr/bin/cc   -DCHECK_FUNCTION_EXISTS=getauxval    CMakeFiles/cmTryCompileExec12048783.dir/CheckFunctionExists.c.o  -o cmTryCompileExec12048783 -rdynamic 
make[1]: Leaving directory '/home/lancelot/git/nginx/third-lib/libressl-2.3.1/build/CMakeFiles/CMakeTmp'


Determining if files err.h exist passed with the following output:
Change Dir: /home/lancelot/git/nginx/third-lib/libressl-2.3.1/build/CMakeFiles/CMakeTmp

Run Build Command:"/usr/bin/make" "cmTryCompileExec2800326242/fast"
/usr/bin/make -f CMakeFiles/cmTryCompileExec2800326242.dir/build.make CMakeFiles/cmTryCompileExec2800326242.dir/build
make[1]: Entering directory '/home/lancelot/git/nginx/third-lib/libressl-2.3.1/build/CMakeFiles/CMakeTmp'
/usr/bin/cmake -E cmake_progress_report /home/lancelot/git/nginx/third-lib/libressl-2.3.1/build/CMakeFiles/CMakeTmp/CMakeFiles 1
Building C object CMakeFiles/cmTryCompileExec2800326242.dir/CheckIncludeFiles.c.o
/usr/bin/cc   -fPIE   -o CMakeFiles/cmTryCompileExec2800326242.dir/CheckIncludeFiles.c.o   -c /home/lancelot/git/nginx/third-lib/libressl-2.3.1/build/CMakeFiles/CMakeTmp/CheckIncludeFiles.c
Linking C executable cmTryCompileExec2800326242
/usr/bin/cmake -E cmake_link_script CMakeFiles/cmTryCompileExec2800326242.dir/link.txt --verbose=1
/usr/bin/cc       CMakeFiles/cmTryCompileExec2800326242.dir/CheckIncludeFiles.c.o  -o cmTryCompileExec2800326242 -rdynamic 
make[1]: Leaving directory '/home/lancelot/git/nginx/third-lib/libressl-2.3.1/build/CMakeFiles/CMakeTmp'


Determining if the function clock_gettime exists in the rt passed with the following output:
Change Dir: /home/lancelot/git/nginx/third-lib/libressl-2.3.1/build/CMakeFiles/CMakeTmp

Run Build Command:"/usr/bin/make" "cmTryCompileExec3224739826/fast"
/usr/bin/make -f CMakeFiles/cmTryCompileExec3224739826.dir/build.make CMakeFiles/cmTryCompileExec3224739826.dir/build
make[1]: Entering directory '/home/lancelot/git/nginx/third-lib/libressl-2.3.1/build/CMakeFiles/CMakeTmp'
/usr/bin/cmake -E cmake_progress_report /home/lancelot/git/nginx/third-lib/libressl-2.3.1/build/CMakeFiles/CMakeTmp/CMakeFiles 1
Building C object CMakeFiles/cmTryCompileExec3224739826.dir/CheckFunctionExists.c.o
/usr/bin/cc   -DCHECK_FUNCTION_EXISTS=clock_gettime -fPIE   -o CMakeFiles/cmTryCompileExec3224739826.dir/CheckFunctionExists.c.o   -c /usr/share/cmake-3.0/Modules/CheckFunctionExists.c
Linking C executable cmTryCompileExec3224739826
/usr/bin/cmake -E cmake_link_script CMakeFiles/cmTryCompileExec3224739826.dir/link.txt --verbose=1
/usr/bin/cc   -DCHECK_FUNCTION_EXISTS=clock_gettime    CMakeFiles/cmTryCompileExec3224739826.dir/CheckFunctionExists.c.o  -o cmTryCompileExec3224739826  -L/home/lancelot/git/nginx/third-lib/libressl-2.3.1/build/CMakeFiles/CMakeTmp/time.h -rdynamic -lrt -Wl,-rpath,/home/lancelot/git/nginx/third-lib/libressl-2.3.1/build/CMakeFiles/CMakeTmp/time.h 
make[1]: Leaving directory '/home/lancelot/git/nginx/third-lib/libressl-2.3.1/build/CMakeFiles/CMakeTmp'


