This file contains any messages produced by compilers while
running configure, to aid debugging if configure makes a mistake.

It was created by PCRE configure 8.36, which was
generated by GNU Autoconf 2.69.  Invocation command line was

  $ ./configure --disable-shared

## --------- ##
## Platform. ##
## --------- ##

hostname = lancelot-VirtualBox
uname -m = x86_64
uname -r = 3.19.0-28-generic
uname -s = Linux
uname -v = #30-Ubuntu SMP Mon Aug 31 15:52:51 UTC 2015

/usr/bin/uname -p = unknown
/bin/uname -X     = unknown

/bin/arch              = unknown
/usr/bin/arch -k       = unknown
/usr/convex/getsysinfo = unknown
/usr/bin/hostinfo      = unknown
/bin/machine           = unknown
/usr/bin/oslevel       = unknown
/bin/universe          = unknown

PATH: /usr/local/sbin
PATH: /usr/local/bin
PATH: /usr/sbin
PATH: /usr/bin
PATH: /sbin
PATH: /bin
PATH: /usr/games
PATH: /usr/local/games


## ----------- ##
## Core tests. ##
## ----------- ##

configure:2808: checking for a BSD-compatible install
configure:2876: result: /usr/bin/install -c
configure:2887: checking whether build environment is sane
configure:2942: result: yes
configure:3093: checking for a thread-safe mkdir -p
configure:3132: result: /bin/mkdir -p
configure:3139: checking for gawk
configure:3169: result: no
configure:3139: checking for mawk
configure:3155: found /usr/bin/mawk
configure:3166: result: mawk
configure:3177: checking whether make sets $(MAKE)
configure:3199: result: yes
configure:3228: checking whether make supports nested variables
configure:3245: result: yes
configure:3382: checking whether make supports nested variables
configure:3399: result: yes
configure:3426: checking for style of include used by make
configure:3454: result: GNU
configure:3525: checking for gcc
configure:3552: result: cc
configure:3781: checking for C compiler version
configure:3790: cc --version >&5
cc (Ubuntu 4.9.2-10ubuntu13) 4.9.2
Copyright (C) 2014 Free Software Foundation, Inc.
This is free software; see the source for copying conditions.  There is NO
warranty; not even for MERCHANTABILITY or FITNESS FOR A PARTICULAR PURPOSE.

configure:3801: $? = 0
configure:3790: cc -v >&5
Using built-in specs.
COLLECT_GCC=cc
COLLECT_LTO_WRAPPER=/usr/lib/gcc/x86_64-linux-gnu/4.9/lto-wrapper
Target: x86_64-linux-gnu
Configured with: ../src/configure -v --with-pkgversion='Ubuntu 4.9.2-10ubuntu13' --with-bugurl=file:///usr/share/doc/gcc-4.9/README.Bugs --enable-languages=c,c++,java,go,d,fortran,objc,obj-c++ --prefix=/usr --program-suffix=-4.9 --enable-shared --enable-linker-build-id --libexecdir=/usr/lib --without-included-gettext --enable-threads=posix --with-gxx-include-dir=/usr/include/c++/4.9 --libdir=/usr/lib --enable-nls --with-sysroot=/ --enable-clocale=gnu --enable-libstdcxx-debug --enable-libstdcxx-time=yes --enable-gnu-unique-object --disable-vtable-verify --enable-plugin --with-system-zlib --disable-browser-plugin --enable-java-awt=gtk --enable-gtk-cairo --with-java-home=/usr/lib/jvm/java-1.5.0-gcj-4.9-amd64/jre --enable-java-home --with-jvm-root-dir=/usr/lib/jvm/java-1.5.0-gcj-4.9-amd64 --with-jvm-jar-dir=/usr/lib/jvm-exports/java-1.5.0-gcj-4.9-amd64 --with-arch-directory=amd64 --with-ecj-jar=/usr/share/java/eclipse-ecj.jar --enable-objc-gc --enable-multiarch --disable-werror --with-arch-32=i686 --with-abi=m64 --with-multilib-list=m32,m64,mx32 --enable-multilib --with-tune=generic --enable-checking=release --build=x86_64-linux-gnu --host=x86_64-linux-gnu --target=x86_64-linux-gnu
Thread model: posix
gcc version 4.9.2 (Ubuntu 4.9.2-10ubuntu13) 
configure:3801: $? = 0
configure:3790: cc -V >&5
cc: error: unrecognized command line option '-V'
cc: fatal error: no input files
compilation terminated.
configure:3801: $? = 4
configure:3790: cc -qversion >&5
cc: error: unrecognized command line option '-qversion'
cc: fatal error: no input files
compilation terminated.
configure:3801: $? = 4
configure:3821: checking whether the C compiler works
configure:3843: cc -O2 -fomit-frame-pointer -pipe    conftest.c  >&5
configure:3847: $? = 0
configure:3895: result: yes
configure:3898: checking for C compiler default output file name
configure:3900: result: a.out
configure:3906: checking for suffix of executables
configure:3913: cc -o conftest -O2 -fomit-frame-pointer -pipe    conftest.c  >&5
configure:3917: $? = 0
configure:3939: result: 
configure:3961: checking whether we are cross compiling
configure:3969: cc -o conftest -O2 -fomit-frame-pointer -pipe    conftest.c  >&5
configure:3973: $? = 0
configure:3980: ./conftest
configure:3984: $? = 0
configure:3999: result: no
configure:4004: checking for suffix of object files
configure:4026: cc -c -O2 -fomit-frame-pointer -pipe   conftest.c >&5
configure:4030: $? = 0
configure:4051: result: o
configure:4055: checking whether we are using the GNU C compiler
configure:4074: cc -c -O2 -fomit-frame-pointer -pipe   conftest.c >&5
configure:4074: $? = 0
configure:4083: result: yes
configure:4092: checking whether cc accepts -g
configure:4112: cc -c -g  conftest.c >&5
configure:4112: $? = 0
configure:4153: result: yes
configure:4170: checking for cc option to accept ISO C89
configure:4233: cc  -c -O2 -fomit-frame-pointer -pipe   conftest.c >&5
configure:4233: $? = 0
configure:4246: result: none needed
configure:4271: checking whether cc understands -c and -o together
configure:4293: cc -c conftest.c -o conftest2.o
configure:4296: $? = 0
configure:4293: cc -c conftest.c -o conftest2.o
configure:4296: $? = 0
configure:4308: result: yes
configure:4327: checking dependency style of cc
configure:4438: result: gcc3
configure:4503: checking for ar
configure:4519: found /usr/bin/ar
configure:4530: result: ar
configure:4556: checking the archiver (ar) interface
configure:4572: cc -c -O2 -fomit-frame-pointer -pipe   conftest.c >&5
configure:4572: $? = 0
configure:4574: ar cru libconftest.a conftest.o >&5
configure:4577: $? = 0
configure:4605: result: ar
configure:4690: checking for gcc
configure:4717: result: cc
configure:4946: checking for C compiler version
configure:4955: cc --version >&5
cc (Ubuntu 4.9.2-10ubuntu13) 4.9.2
Copyright (C) 2014 Free Software Foundation, Inc.
This is free software; see the source for copying conditions.  There is NO
warranty; not even for MERCHANTABILITY or FITNESS FOR A PARTICULAR PURPOSE.

configure:4966: $? = 0
configure:4955: cc -v >&5
Using built-in specs.
COLLECT_GCC=cc
COLLECT_LTO_WRAPPER=/usr/lib/gcc/x86_64-linux-gnu/4.9/lto-wrapper
Target: x86_64-linux-gnu
Configured with: ../src/configure -v --with-pkgversion='Ubuntu 4.9.2-10ubuntu13' --with-bugurl=file:///usr/share/doc/gcc-4.9/README.Bugs --enable-languages=c,c++,java,go,d,fortran,objc,obj-c++ --prefix=/usr --program-suffix=-4.9 --enable-shared --enable-linker-build-id --libexecdir=/usr/lib --without-included-gettext --enable-threads=posix --with-gxx-include-dir=/usr/include/c++/4.9 --libdir=/usr/lib --enable-nls --with-sysroot=/ --enable-clocale=gnu --enable-libstdcxx-debug --enable-libstdcxx-time=yes --enable-gnu-unique-object --disable-vtable-verify --enable-plugin --with-system-zlib --disable-browser-plugin --enable-java-awt=gtk --enable-gtk-cairo --with-java-home=/usr/lib/jvm/java-1.5.0-gcj-4.9-amd64/jre --enable-java-home --with-jvm-root-dir=/usr/lib/jvm/java-1.5.0-gcj-4.9-amd64 --with-jvm-jar-dir=/usr/lib/jvm-exports/java-1.5.0-gcj-4.9-amd64 --with-arch-directory=amd64 --with-ecj-jar=/usr/share/java/eclipse-ecj.jar --enable-objc-gc --enable-multiarch --disable-werror --with-arch-32=i686 --with-abi=m64 --with-multilib-list=m32,m64,mx32 --enable-multilib --with-tune=generic --enable-checking=release --build=x86_64-linux-gnu --host=x86_64-linux-gnu --target=x86_64-linux-gnu
Thread model: posix
gcc version 4.9.2 (Ubuntu 4.9.2-10ubuntu13) 
configure:4966: $? = 0
configure:4955: cc -V >&5
cc: error: unrecognized command line option '-V'
cc: fatal error: no input files
compilation terminated.
configure:4966: $? = 4
configure:4955: cc -qversion >&5
cc: error: unrecognized command line option '-qversion'
cc: fatal error: no input files
compilation terminated.
configure:4966: $? = 4
configure:4970: checking whether we are using the GNU C compiler
configure:4998: result: yes
configure:5007: checking whether cc accepts -g
configure:5068: result: yes
configure:5085: checking for cc option to accept ISO C89
configure:5161: result: none needed
configure:5186: checking whether cc understands -c and -o together
configure:5223: result: yes
configure:5242: checking dependency style of cc
configure:5353: result: gcc3
configure:5426: checking for g++
configure:5442: found /usr/bin/g++
configure:5453: result: g++
configure:5480: checking for C++ compiler version
configure:5489: g++ --version >&5
g++ (Ubuntu 4.9.2-10ubuntu13) 4.9.2
Copyright (C) 2014 Free Software Foundation, Inc.
This is free software; see the source for copying conditions.  There is NO
warranty; not even for MERCHANTABILITY or FITNESS FOR A PARTICULAR PURPOSE.

configure:5500: $? = 0
configure:5489: g++ -v >&5
Using built-in specs.
COLLECT_GCC=g++
COLLECT_LTO_WRAPPER=/usr/lib/gcc/x86_64-linux-gnu/4.9/lto-wrapper
Target: x86_64-linux-gnu
Configured with: ../src/configure -v --with-pkgversion='Ubuntu 4.9.2-10ubuntu13' --with-bugurl=file:///usr/share/doc/gcc-4.9/README.Bugs --enable-languages=c,c++,java,go,d,fortran,objc,obj-c++ --prefix=/usr --program-suffix=-4.9 --enable-shared --enable-linker-build-id --libexecdir=/usr/lib --without-included-gettext --enable-threads=posix --with-gxx-include-dir=/usr/include/c++/4.9 --libdir=/usr/lib --enable-nls --with-sysroot=/ --enable-clocale=gnu --enable-libstdcxx-debug --enable-libstdcxx-time=yes --enable-gnu-unique-object --disable-vtable-verify --enable-plugin --with-system-zlib --disable-browser-plugin --enable-java-awt=gtk --enable-gtk-cairo --with-java-home=/usr/lib/jvm/java-1.5.0-gcj-4.9-amd64/jre --enable-java-home --with-jvm-root-dir=/usr/lib/jvm/java-1.5.0-gcj-4.9-amd64 --with-jvm-jar-dir=/usr/lib/jvm-exports/java-1.5.0-gcj-4.9-amd64 --with-arch-directory=amd64 --with-ecj-jar=/usr/share/java/eclipse-ecj.jar --enable-objc-gc --enable-multiarch --disable-werror --with-arch-32=i686 --with-abi=m64 --with-multilib-list=m32,m64,mx32 --enable-multilib --with-tune=generic --enable-checking=release --build=x86_64-linux-gnu --host=x86_64-linux-gnu --target=x86_64-linux-gnu
Thread model: posix
gcc version 4.9.2 (Ubuntu 4.9.2-10ubuntu13) 
configure:5500: $? = 0
configure:5489: g++ -V >&5
g++: error: unrecognized command line option '-V'
g++: fatal error: no input files
compilation terminated.
configure:5500: $? = 4
configure:5489: g++ -qversion >&5
g++: error: unrecognized command line option '-qversion'
g++: fatal error: no input files
compilation terminated.
configure:5500: $? = 4
configure:5504: checking whether we are using the GNU C++ compiler
configure:5523: g++ -c   conftest.cpp >&5
configure:5523: $? = 0
configure:5532: result: yes
configure:5541: checking whether g++ accepts -g
configure:5561: g++ -c -g  conftest.cpp >&5
configure:5561: $? = 0
configure:5602: result: yes
configure:5627: checking dependency style of g++
configure:5738: result: gcc3
configure:5797: g++ -c -O2  conftest.cpp >&5
configure:5797: $? = 0
configure:5816: checking how to run the C preprocessor
configure:5847: cc -E  conftest.c
configure:5847: $? = 0
configure:5861: cc -E  conftest.c
conftest.c:11:28: fatal error: ac_nonexistent.h: No such file or directory
 #include <ac_nonexistent.h>
                            ^
compilation terminated.
configure:5861: $? = 1
configure: failed program was:
| /* confdefs.h */
| #define PACKAGE_NAME "PCRE"
| #define PACKAGE_TARNAME "pcre"
| #define PACKAGE_VERSION "8.36"
| #define PACKAGE_STRING "PCRE 8.36"
| #define PACKAGE_BUGREPORT ""
| #define PACKAGE_URL ""
| #define PACKAGE "pcre"
| #define VERSION "8.36"
| /* end confdefs.h.  */
| #include <ac_nonexistent.h>
configure:5886: result: cc -E
configure:5906: cc -E  conftest.c
configure:5906: $? = 0
configure:5920: cc -E  conftest.c
conftest.c:11:28: fatal error: ac_nonexistent.h: No such file or directory
 #include <ac_nonexistent.h>
                            ^
compilation terminated.
configure:5920: $? = 1
configure: failed program was:
| /* confdefs.h */
| #define PACKAGE_NAME "PCRE"
| #define PACKAGE_TARNAME "pcre"
| #define PACKAGE_VERSION "8.36"
| #define PACKAGE_STRING "PCRE 8.36"
| #define PACKAGE_BUGREPORT ""
| #define PACKAGE_URL ""
| #define PACKAGE "pcre"
| #define VERSION "8.36"
| /* end confdefs.h.  */
| #include <ac_nonexistent.h>
configure:5949: checking for grep that handles long lines and -e
configure:6007: result: /bin/grep
configure:6012: checking for egrep
configure:6074: result: /bin/grep -E
configure:6079: checking for ANSI C header files
configure:6099: cc -c -O2 -fomit-frame-pointer -pipe   conftest.c >&5
configure:6099: $? = 0
configure:6172: cc -o conftest -O2 -fomit-frame-pointer -pipe    conftest.c  >&5
configure:6172: $? = 0
configure:6172: ./conftest
configure:6172: $? = 0
configure:6183: result: yes
configure:6196: checking for sys/types.h
configure:6196: cc -c -O2 -fomit-frame-pointer -pipe   conftest.c >&5
configure:6196: $? = 0
configure:6196: result: yes
configure:6196: checking for sys/stat.h
configure:6196: cc -c -O2 -fomit-frame-pointer -pipe   conftest.c >&5
configure:6196: $? = 0
configure:6196: result: yes
configure:6196: checking for stdlib.h
configure:6196: cc -c -O2 -fomit-frame-pointer -pipe   conftest.c >&5
configure:6196: $? = 0
configure:6196: result: yes
configure:6196: checking for string.h
configure:6196: cc -c -O2 -fomit-frame-pointer -pipe   conftest.c >&5
configure:6196: $? = 0
configure:6196: result: yes
configure:6196: checking for memory.h
configure:6196: cc -c -O2 -fomit-frame-pointer -pipe   conftest.c >&5
configure:6196: $? = 0
configure:6196: result: yes
configure:6196: checking for strings.h
configure:6196: cc -c -O2 -fomit-frame-pointer -pipe   conftest.c >&5
configure:6196: $? = 0
configure:6196: result: yes
configure:6196: checking for inttypes.h
configure:6196: cc -c -O2 -fomit-frame-pointer -pipe   conftest.c >&5
configure:6196: $? = 0
configure:6196: result: yes
configure:6196: checking for stdint.h
configure:6196: cc -c -O2 -fomit-frame-pointer -pipe   conftest.c >&5
configure:6196: $? = 0
configure:6196: result: yes
configure:6196: checking for unistd.h
configure:6196: cc -c -O2 -fomit-frame-pointer -pipe   conftest.c >&5
configure:6196: $? = 0
configure:6196: result: yes
configure:6208: checking for int64_t
configure:6208: cc -c -O2 -fomit-frame-pointer -pipe   conftest.c >&5
configure:6208: $? = 0
configure:6208: cc -c -O2 -fomit-frame-pointer -pipe   conftest.c >&5
conftest.c: In function 'main':
conftest.c:59:53: warning: integer overflow in expression [-Woverflow]
    < (int64_t) (((((int64_t) 1 << N) << N) - 1) * 2 + 2))];
                                                     ^
conftest.c:58:12: error: storage size of 'test_array' isn't constant
 static int test_array [1 - 2 * !((int64_t) (((((int64_t) 1 << N) << N) - 1) * 2 + 1)
            ^
configure:6208: $? = 1
configure: failed program was:
| /* confdefs.h */
| #define PACKAGE_NAME "PCRE"
| #define PACKAGE_TARNAME "pcre"
| #define PACKAGE_VERSION "8.36"
| #define PACKAGE_STRING "PCRE 8.36"
| #define PACKAGE_BUGREPORT ""
| #define PACKAGE_URL ""
| #define PACKAGE "pcre"
| #define VERSION "8.36"
| #define STDC_HEADERS 1
| #define HAVE_SYS_TYPES_H 1
| #define HAVE_SYS_STAT_H 1
| #define HAVE_STDLIB_H 1
| #define HAVE_STRING_H 1
| #define HAVE_MEMORY_H 1
| #define HAVE_STRINGS_H 1
| #define HAVE_INTTYPES_H 1
| #define HAVE_STDINT_H 1
| #define HAVE_UNISTD_H 1
| /* end confdefs.h.  */
| #include <stdio.h>
| #ifdef HAVE_SYS_TYPES_H
| # include <sys/types.h>
| #endif
| #ifdef HAVE_SYS_STAT_H
| # include <sys/stat.h>
| #endif
| #ifdef STDC_HEADERS
| # include <stdlib.h>
| # include <stddef.h>
| #else
| # ifdef HAVE_STDLIB_H
| #  include <stdlib.h>
| # endif
| #endif
| #ifdef HAVE_STRING_H
| # if !defined STDC_HEADERS && defined HAVE_MEMORY_H
| #  include <memory.h>
| # endif
| # include <string.h>
| #endif
| #ifdef HAVE_STRINGS_H
| # include <strings.h>
| #endif
| #ifdef HAVE_INTTYPES_H
| # include <inttypes.h>
| #endif
| #ifdef HAVE_STDINT_H
| # include <stdint.h>
| #endif
| #ifdef HAVE_UNISTD_H
| # include <unistd.h>
| #endif
| 	        enum { N = 64 / 2 - 1 };
| int
| main ()
| {
| static int test_array [1 - 2 * !((int64_t) (((((int64_t) 1 << N) << N) - 1) * 2 + 1)
| 		 < (int64_t) (((((int64_t) 1 << N) << N) - 1) * 2 + 2))];
| test_array [0] = 0;
| return test_array [0];
| 
|   ;
|   return 0;
| }
configure:6208: result: yes
configure:6225: checking build system type
configure:6239: result: x86_64-unknown-linux-gnu
configure:6259: checking host system type
configure:6272: result: x86_64-unknown-linux-gnu
configure:6641: checking how to print strings
configure:6668: result: printf
configure:6689: checking for a sed that does not truncate output
configure:6753: result: /bin/sed
configure:6771: checking for fgrep
configure:6833: result: /bin/grep -F
configure:6868: checking for ld used by cc
configure:6935: result: /usr/bin/ld
configure:6942: checking if the linker (/usr/bin/ld) is GNU ld
configure:6957: result: yes
configure:6969: checking for BSD- or MS-compatible name lister (nm)
configure:7018: result: /usr/bin/nm -B
configure:7148: checking the name lister (/usr/bin/nm -B) interface
configure:7155: cc -c -O2 -fomit-frame-pointer -pipe   conftest.c >&5
configure:7158: /usr/bin/nm -B "conftest.o"
configure:7161: output
0000000000000000 B some_variable
configure:7168: result: BSD nm
configure:7171: checking whether ln -s works
configure:7175: result: yes
configure:7183: checking the maximum length of command line arguments
configure:7313: result: 1572864
configure:7330: checking whether the shell understands some XSI constructs
configure:7340: result: yes
configure:7344: checking whether the shell understands "+="
configure:7350: result: yes
configure:7385: checking how to convert x86_64-unknown-linux-gnu file names to x86_64-unknown-linux-gnu format
configure:7425: result: func_convert_file_noop
configure:7432: checking how to convert x86_64-unknown-linux-gnu file names to toolchain format
configure:7452: result: func_convert_file_noop
configure:7459: checking for /usr/bin/ld option to reload object files
configure:7466: result: -r
configure:7540: checking for objdump
configure:7567: result: objdump
configure:7596: checking how to recognize dependent libraries
configure:7798: result: pass_all
configure:7883: checking for dlltool
configure:7910: result: dlltool
configure:7940: checking how to associate runtime and link libraries
configure:7967: result: printf %s\n
configure:8091: checking for archiver @FILE support
configure:8108: cc -c -O2 -fomit-frame-pointer -pipe   conftest.c >&5
configure:8108: $? = 0
configure:8111: ar cru libconftest.a @conftest.lst >&5
configure:8114: $? = 0
configure:8119: ar cru libconftest.a @conftest.lst >&5
ar: conftest.o: No such file or directory
configure:8122: $? = 1
configure:8134: result: @
configure:8192: checking for strip
configure:8208: found /usr/bin/strip
configure:8219: result: strip
configure:8291: checking for ranlib
configure:8307: found /usr/bin/ranlib
configure:8318: result: ranlib
configure:8420: checking command to parse /usr/bin/nm -B output from cc object
configure:8540: cc -c -O2 -fomit-frame-pointer -pipe   conftest.c >&5
configure:8543: $? = 0
configure:8547: /usr/bin/nm -B conftest.o \| sed -n -e 's/^.*[ ]\([ABCDGIRSTW][ABCDGIRSTW]*\)[ ][ ]*\([_A-Za-z][_A-Za-z0-9]*\)$/\1 \2 \2/p' | sed '/ __gnu_lto/d' \> conftest.nm
configure:8550: $? = 0
configure:8616: cc -o conftest -O2 -fomit-frame-pointer -pipe    conftest.c conftstm.o >&5
configure:8619: $? = 0
configure:8657: result: ok
configure:8694: checking for sysroot
configure:8724: result: no
configure:8801: cc -c -O2 -fomit-frame-pointer -pipe   conftest.c >&5
configure:8804: $? = 0
configure:8980: checking for mt
configure:8996: found /bin/mt
configure:9007: result: mt
configure:9030: checking if mt is a manifest tool
configure:9036: mt '-?'
configure:9044: result: no
configure:9683: checking for dlfcn.h
configure:9683: cc -c -O2 -fomit-frame-pointer -pipe   conftest.c >&5
configure:9683: $? = 0
configure:9683: result: yes
configure:9897: checking for objdir
configure:9912: result: .libs
configure:10183: checking if cc supports -fno-rtti -fno-exceptions
configure:10201: cc -c -O2 -fomit-frame-pointer -pipe   -fno-rtti -fno-exceptions conftest.c >&5
cc1: warning: command line option '-fno-rtti' is valid for C++/ObjC++ but not for C
configure:10205: $? = 0
configure:10218: result: no
configure:10545: checking for cc option to produce PIC
configure:10552: result: -fPIC -DPIC
configure:10560: checking if cc PIC flag -fPIC -DPIC works
configure:10578: cc -c -O2 -fomit-frame-pointer -pipe   -fPIC -DPIC -DPIC conftest.c >&5
configure:10582: $? = 0
configure:10595: result: yes
configure:10624: checking if cc static flag -static works
configure:10652: result: yes
configure:10667: checking if cc supports -c -o file.o
configure:10688: cc -c -O2 -fomit-frame-pointer -pipe   -o out/conftest2.o conftest.c >&5
configure:10692: $? = 0
configure:10714: result: yes
configure:10722: checking if cc supports -c -o file.o
configure:10769: result: yes
configure:10802: checking whether the cc linker (/usr/bin/ld -m elf_x86_64) supports shared libraries
configure:11955: result: yes
configure:12195: checking dynamic linker characteristics
configure:12706: cc -o conftest -O2 -fomit-frame-pointer -pipe    -Wl,-rpath -Wl,/foo conftest.c  >&5
configure:12706: $? = 0
configure:12928: result: GNU/Linux ld.so
configure:13035: checking how to hardcode library paths into programs
configure:13060: result: immediate
configure:13600: checking whether stripping libraries is possible
configure:13605: result: yes
configure:13640: checking if libtool supports shared libraries
configure:13642: result: yes
configure:13645: checking whether to build shared libraries
configure:13666: result: no
configure:13669: checking whether to build static libraries
configure:13673: result: yes
configure:13696: checking how to run the C++ preprocessor
configure:13723: g++ -E  conftest.cpp
configure:13723: $? = 0
configure:13737: g++ -E  conftest.cpp
conftest.cpp:23:28: fatal error: ac_nonexistent.h: No such file or directory
 #include <ac_nonexistent.h>
                            ^
compilation terminated.
configure:13737: $? = 1
configure: failed program was:
| /* confdefs.h */
| #define PACKAGE_NAME "PCRE"
| #define PACKAGE_TARNAME "pcre"
| #define PACKAGE_VERSION "8.36"
| #define PACKAGE_STRING "PCRE 8.36"
| #define PACKAGE_BUGREPORT ""
| #define PACKAGE_URL ""
| #define PACKAGE "pcre"
| #define VERSION "8.36"
| #define STDC_HEADERS 1
| #define HAVE_SYS_TYPES_H 1
| #define HAVE_SYS_STAT_H 1
| #define HAVE_STDLIB_H 1
| #define HAVE_STRING_H 1
| #define HAVE_MEMORY_H 1
| #define HAVE_STRINGS_H 1
| #define HAVE_INTTYPES_H 1
| #define HAVE_STDINT_H 1
| #define HAVE_UNISTD_H 1
| #define HAVE_DLFCN_H 1
| #define LT_OBJDIR ".libs/"
| /* end confdefs.h.  */
| #include <ac_nonexistent.h>
configure:13762: result: g++ -E
configure:13782: g++ -E  conftest.cpp
configure:13782: $? = 0
configure:13796: g++ -E  conftest.cpp
conftest.cpp:23:28: fatal error: ac_nonexistent.h: No such file or directory
 #include <ac_nonexistent.h>
                            ^
compilation terminated.
configure:13796: $? = 1
configure: failed program was:
| /* confdefs.h */
| #define PACKAGE_NAME "PCRE"
| #define PACKAGE_TARNAME "pcre"
| #define PACKAGE_VERSION "8.36"
| #define PACKAGE_STRING "PCRE 8.36"
| #define PACKAGE_BUGREPORT ""
| #define PACKAGE_URL ""
| #define PACKAGE "pcre"
| #define VERSION "8.36"
| #define STDC_HEADERS 1
| #define HAVE_SYS_TYPES_H 1
| #define HAVE_SYS_STAT_H 1
| #define HAVE_STDLIB_H 1
| #define HAVE_STRING_H 1
| #define HAVE_MEMORY_H 1
| #define HAVE_STRINGS_H 1
| #define HAVE_INTTYPES_H 1
| #define HAVE_STDINT_H 1
| #define HAVE_UNISTD_H 1
| #define HAVE_DLFCN_H 1
| #define LT_OBJDIR ".libs/"
| /* end confdefs.h.  */
| #include <ac_nonexistent.h>
configure:13965: checking for ld used by g++
configure:14032: result: /usr/bin/ld -m elf_x86_64
configure:14039: checking if the linker (/usr/bin/ld -m elf_x86_64) is GNU ld
configure:14054: result: yes
configure:14109: checking whether the g++ linker (/usr/bin/ld -m elf_x86_64) supports shared libraries
configure:15114: result: yes
configure:15150: g++ -c -O2  conftest.cpp >&5
configure:15153: $? = 0
configure:15673: checking for g++ option to produce PIC
configure:15680: result: -fPIC -DPIC
configure:15688: checking if g++ PIC flag -fPIC -DPIC works
configure:15706: g++ -c -O2  -fPIC -DPIC -DPIC conftest.cpp >&5
configure:15710: $? = 0
configure:15723: result: yes
configure:15746: checking if g++ static flag -static works
configure:15774: result: yes
configure:15786: checking if g++ supports -c -o file.o
configure:15807: g++ -c -O2  -o out/conftest2.o conftest.cpp >&5
configure:15811: $? = 0
configure:15833: result: yes
configure:15838: checking if g++ supports -c -o file.o
configure:15885: result: yes
configure:15915: checking whether the g++ linker (/usr/bin/ld -m elf_x86_64) supports shared libraries
configure:15951: result: yes
configure:16092: checking dynamic linker characteristics
configure:16759: result: GNU/Linux ld.so
configure:16812: checking how to hardcode library paths into programs
configure:16837: result: immediate
configure:16898: checking whether ln -s works
configure:16902: result: yes
configure:16918: checking whether the -Werror option is usable
configure:16937: cc -c -O2 -fomit-frame-pointer -pipe  -Werror  conftest.c >&5
configure:16937: $? = 0
configure:16946: result: yes
configure:16948: checking for simple visibility declarations
configure:16975: cc -c -O2 -fomit-frame-pointer -pipe  -fvisibility=hidden -Werror  conftest.c >&5
configure:16975: $? = 0
configure:16984: result: yes
configure:17453: checking for ANSI C header files
configure:17557: result: yes
configure:17568: checking limits.h usability
configure:17568: cc -c -O2 -fomit-frame-pointer -pipe   conftest.c >&5
configure:17568: $? = 0
configure:17568: result: yes
configure:17568: checking limits.h presence
configure:17568: cc -E  conftest.c
configure:17568: $? = 0
configure:17568: result: yes
configure:17568: checking for limits.h
configure:17568: result: yes
configure:17568: checking for sys/types.h
configure:17568: result: yes
configure:17568: checking for sys/stat.h
configure:17568: result: yes
configure:17568: checking dirent.h usability
configure:17568: cc -c -O2 -fomit-frame-pointer -pipe   conftest.c >&5
configure:17568: $? = 0
configure:17568: result: yes
configure:17568: checking dirent.h presence
configure:17568: cc -E  conftest.c
configure:17568: $? = 0
configure:17568: result: yes
configure:17568: checking for dirent.h
configure:17568: result: yes
configure:17580: checking windows.h usability
configure:17580: cc -c -O2 -fomit-frame-pointer -pipe   conftest.c >&5
conftest.c:69:21: fatal error: windows.h: No such file or directory
 #include <windows.h>
                     ^
compilation terminated.
configure:17580: $? = 1
configure: failed program was:
| /* confdefs.h */
| #define PACKAGE_NAME "PCRE"
| #define PACKAGE_TARNAME "pcre"
| #define PACKAGE_VERSION "8.36"
| #define PACKAGE_STRING "PCRE 8.36"
| #define PACKAGE_BUGREPORT ""
| #define PACKAGE_URL ""
| #define PACKAGE "pcre"
| #define VERSION "8.36"
| #define STDC_HEADERS 1
| #define HAVE_SYS_TYPES_H 1
| #define HAVE_SYS_STAT_H 1
| #define HAVE_STDLIB_H 1
| #define HAVE_STRING_H 1
| #define HAVE_MEMORY_H 1
| #define HAVE_STRINGS_H 1
| #define HAVE_INTTYPES_H 1
| #define HAVE_STDINT_H 1
| #define HAVE_UNISTD_H 1
| #define HAVE_DLFCN_H 1
| #define LT_OBJDIR ".libs/"
| #define PCRE_EXP_DECL extern __attribute__ ((visibility ("default")))
| #define PCRE_EXP_DEFN __attribute__ ((visibility ("default")))
| #define PCRE_EXP_DATA_DEFN __attribute__ ((visibility ("default")))
| #define PCREPOSIX_EXP_DECL extern __attribute__ ((visibility ("default")))
| #define PCREPOSIX_EXP_DEFN extern __attribute__ ((visibility ("default")))
| #define PCRECPP_EXP_DECL extern __attribute__ ((visibility ("default")))
| #define PCRECPP_EXP_DEFN __attribute__ ((visibility ("default")))
| #define HAVE_VISIBILITY 1
| #define STDC_HEADERS 1
| #define HAVE_LIMITS_H 1
| #define HAVE_SYS_TYPES_H 1
| #define HAVE_SYS_STAT_H 1
| #define HAVE_DIRENT_H 1
| /* end confdefs.h.  */
| #include <stdio.h>
| #ifdef HAVE_SYS_TYPES_H
| # include <sys/types.h>
| #endif
| #ifdef HAVE_SYS_STAT_H
| # include <sys/stat.h>
| #endif
| #ifdef STDC_HEADERS
| # include <stdlib.h>
| # include <stddef.h>
| #else
| # ifdef HAVE_STDLIB_H
| #  include <stdlib.h>
| # endif
| #endif
| #ifdef HAVE_STRING_H
| # if !defined STDC_HEADERS && defined HAVE_MEMORY_H
| #  include <memory.h>
| # endif
| # include <string.h>
| #endif
| #ifdef HAVE_STRINGS_H
| # include <strings.h>
| #endif
| #ifdef HAVE_INTTYPES_H
| # include <inttypes.h>
| #endif
| #ifdef HAVE_STDINT_H
| # include <stdint.h>
| #endif
| #ifdef HAVE_UNISTD_H
| # include <unistd.h>
| #endif
| #include <windows.h>
configure:17580: result: no
configure:17580: checking windows.h presence
configure:17580: cc -E  conftest.c
conftest.c:36:21: fatal error: windows.h: No such file or directory
 #include <windows.h>
                     ^
compilation terminated.
configure:17580: $? = 1
configure: failed program was:
| /* confdefs.h */
| #define PACKAGE_NAME "PCRE"
| #define PACKAGE_TARNAME "pcre"
| #define PACKAGE_VERSION "8.36"
| #define PACKAGE_STRING "PCRE 8.36"
| #define PACKAGE_BUGREPORT ""
| #define PACKAGE_URL ""
| #define PACKAGE "pcre"
| #define VERSION "8.36"
| #define STDC_HEADERS 1
| #define HAVE_SYS_TYPES_H 1
| #define HAVE_SYS_STAT_H 1
| #define HAVE_STDLIB_H 1
| #define HAVE_STRING_H 1
| #define HAVE_MEMORY_H 1
| #define HAVE_STRINGS_H 1
| #define HAVE_INTTYPES_H 1
| #define HAVE_STDINT_H 1
| #define HAVE_UNISTD_H 1
| #define HAVE_DLFCN_H 1
| #define LT_OBJDIR ".libs/"
| #define PCRE_EXP_DECL extern __attribute__ ((visibility ("default")))
| #define PCRE_EXP_DEFN __attribute__ ((visibility ("default")))
| #define PCRE_EXP_DATA_DEFN __attribute__ ((visibility ("default")))
| #define PCREPOSIX_EXP_DECL extern __attribute__ ((visibility ("default")))
| #define PCREPOSIX_EXP_DEFN extern __attribute__ ((visibility ("default")))
| #define PCRECPP_EXP_DECL extern __attribute__ ((visibility ("default")))
| #define PCRECPP_EXP_DEFN __attribute__ ((visibility ("default")))
| #define HAVE_VISIBILITY 1
| #define STDC_HEADERS 1
| #define HAVE_LIMITS_H 1
| #define HAVE_SYS_TYPES_H 1
| #define HAVE_SYS_STAT_H 1
| #define HAVE_DIRENT_H 1
| /* end confdefs.h.  */
| #include <windows.h>
configure:17580: result: no
configure:17580: checking for windows.h
configure:17580: result: no
configure:17616: checking for alias support in the linker
configure:17635: g++ -o conftest -O2   -Wl,-alias,__ZN7pcrecpp2RE6no_argE,__ZN7pcrecpp6no_argE conftest.cpp  >&5
/usr/bin/ld: unrecognized -a option `lias'
collect2: error: ld returned 1 exit status
configure:17635: $? = 1
configure: failed program was:
| /* confdefs.h */
| #define PACKAGE_NAME "PCRE"
| #define PACKAGE_TARNAME "pcre"
| #define PACKAGE_VERSION "8.36"
| #define PACKAGE_STRING "PCRE 8.36"
| #define PACKAGE_BUGREPORT ""
| #define PACKAGE_URL ""
| #define PACKAGE "pcre"
| #define VERSION "8.36"
| #define STDC_HEADERS 1
| #define HAVE_SYS_TYPES_H 1
| #define HAVE_SYS_STAT_H 1
| #define HAVE_STDLIB_H 1
| #define HAVE_STRING_H 1
| #define HAVE_MEMORY_H 1
| #define HAVE_STRINGS_H 1
| #define HAVE_INTTYPES_H 1
| #define HAVE_STDINT_H 1
| #define HAVE_UNISTD_H 1
| #define HAVE_DLFCN_H 1
| #define LT_OBJDIR ".libs/"
| #define PCRE_EXP_DECL extern __attribute__ ((visibility ("default")))
| #define PCRE_EXP_DEFN __attribute__ ((visibility ("default")))
| #define PCRE_EXP_DATA_DEFN __attribute__ ((visibility ("default")))
| #define PCREPOSIX_EXP_DECL extern __attribute__ ((visibility ("default")))
| #define PCREPOSIX_EXP_DEFN extern __attribute__ ((visibility ("default")))
| #define PCRECPP_EXP_DECL extern __attribute__ ((visibility ("default")))
| #define PCRECPP_EXP_DEFN __attribute__ ((visibility ("default")))
| #define HAVE_VISIBILITY 1
| #define STDC_HEADERS 1
| #define HAVE_LIMITS_H 1
| #define HAVE_SYS_TYPES_H 1
| #define HAVE_SYS_STAT_H 1
| #define HAVE_DIRENT_H 1
| /* end confdefs.h.  */
| namespace pcrecpp {
|                                     class RE { static int no_arg; };
|                                     int RE::no_arg;
|                                   }
| int
| main ()
| {
| 
|   ;
|   return 0;
| }
configure:17641: result: no
configure:17616: checking for alias support in the linker
configure:17635: g++ -o conftest -O2   -Wl,-i__ZN7pcrecpp6no_argE:__ZN7pcrecpp2RE6no_argE conftest.cpp  >&5
/usr/bin/ld: bad -rpath option
collect2: error: ld returned 1 exit status
configure:17635: $? = 1
configure: failed program was:
| /* confdefs.h */
| #define PACKAGE_NAME "PCRE"
| #define PACKAGE_TARNAME "pcre"
| #define PACKAGE_VERSION "8.36"
| #define PACKAGE_STRING "PCRE 8.36"
| #define PACKAGE_BUGREPORT ""
| #define PACKAGE_URL ""
| #define PACKAGE "pcre"
| #define VERSION "8.36"
| #define STDC_HEADERS 1
| #define HAVE_SYS_TYPES_H 1
| #define HAVE_SYS_STAT_H 1
| #define HAVE_STDLIB_H 1
| #define HAVE_STRING_H 1
| #define HAVE_MEMORY_H 1
| #define HAVE_STRINGS_H 1
| #define HAVE_INTTYPES_H 1
| #define HAVE_STDINT_H 1
| #define HAVE_UNISTD_H 1
| #define HAVE_DLFCN_H 1
| #define LT_OBJDIR ".libs/"
| #define PCRE_EXP_DECL extern __attribute__ ((visibility ("default")))
| #define PCRE_EXP_DEFN __attribute__ ((visibility ("default")))
| #define PCRE_EXP_DATA_DEFN __attribute__ ((visibility ("default")))
| #define PCREPOSIX_EXP_DECL extern __attribute__ ((visibility ("default")))
| #define PCREPOSIX_EXP_DEFN extern __attribute__ ((visibility ("default")))
| #define PCRECPP_EXP_DECL extern __attribute__ ((visibility ("default")))
| #define PCRECPP_EXP_DEFN __attribute__ ((visibility ("default")))
| #define HAVE_VISIBILITY 1
| #define STDC_HEADERS 1
| #define HAVE_LIMITS_H 1
| #define HAVE_SYS_TYPES_H 1
| #define HAVE_SYS_STAT_H 1
| #define HAVE_DIRENT_H 1
| /* end confdefs.h.  */
| namespace pcrecpp {
|                                     class RE { static int no_arg; };
|                                     int RE::no_arg;
|                                   }
| int
| main ()
| {
| 
|   ;
|   return 0;
| }
configure:17641: result: no
configure:17655: checking string usability
configure:17655: g++ -c -O2  conftest.cpp >&5
configure:17655: $? = 0
configure:17655: result: yes
configure:17655: checking string presence
configure:17655: g++ -E  conftest.cpp
configure:17655: $? = 0
configure:17655: result: yes
configure:17655: checking for string
configure:17655: result: yes
configure:17669: checking bits/type_traits.h usability
configure:17669: g++ -c -O2  conftest.cpp >&5
conftest.cpp:70:30: fatal error: bits/type_traits.h: No such file or directory
 #include <bits/type_traits.h>
                              ^
compilation terminated.
configure:17669: $? = 1
configure: failed program was:
| /* confdefs.h */
| #define PACKAGE_NAME "PCRE"
| #define PACKAGE_TARNAME "pcre"
| #define PACKAGE_VERSION "8.36"
| #define PACKAGE_STRING "PCRE 8.36"
| #define PACKAGE_BUGREPORT ""
| #define PACKAGE_URL ""
| #define PACKAGE "pcre"
| #define VERSION "8.36"
| #define STDC_HEADERS 1
| #define HAVE_SYS_TYPES_H 1
| #define HAVE_SYS_STAT_H 1
| #define HAVE_STDLIB_H 1
| #define HAVE_STRING_H 1
| #define HAVE_MEMORY_H 1
| #define HAVE_STRINGS_H 1
| #define HAVE_INTTYPES_H 1
| #define HAVE_STDINT_H 1
| #define HAVE_UNISTD_H 1
| #define HAVE_DLFCN_H 1
| #define LT_OBJDIR ".libs/"
| #define PCRE_EXP_DECL extern __attribute__ ((visibility ("default")))
| #define PCRE_EXP_DEFN __attribute__ ((visibility ("default")))
| #define PCRE_EXP_DATA_DEFN __attribute__ ((visibility ("default")))
| #define PCREPOSIX_EXP_DECL extern __attribute__ ((visibility ("default")))
| #define PCREPOSIX_EXP_DEFN extern __attribute__ ((visibility ("default")))
| #define PCRECPP_EXP_DECL extern __attribute__ ((visibility ("default")))
| #define PCRECPP_EXP_DEFN __attribute__ ((visibility ("default")))
| #define HAVE_VISIBILITY 1
| #define STDC_HEADERS 1
| #define HAVE_LIMITS_H 1
| #define HAVE_SYS_TYPES_H 1
| #define HAVE_SYS_STAT_H 1
| #define HAVE_DIRENT_H 1
| #define HAVE_STRING 1
| /* end confdefs.h.  */
| #include <stdio.h>
| #ifdef HAVE_SYS_TYPES_H
| # include <sys/types.h>
| #endif
| #ifdef HAVE_SYS_STAT_H
| # include <sys/stat.h>
| #endif
| #ifdef STDC_HEADERS
| # include <stdlib.h>
| # include <stddef.h>
| #else
| # ifdef HAVE_STDLIB_H
| #  include <stdlib.h>
| # endif
| #endif
| #ifdef HAVE_STRING_H
| # if !defined STDC_HEADERS && defined HAVE_MEMORY_H
| #  include <memory.h>
| # endif
| # include <string.h>
| #endif
| #ifdef HAVE_STRINGS_H
| # include <strings.h>
| #endif
| #ifdef HAVE_INTTYPES_H
| # include <inttypes.h>
| #endif
| #ifdef HAVE_STDINT_H
| # include <stdint.h>
| #endif
| #ifdef HAVE_UNISTD_H
| # include <unistd.h>
| #endif
| #include <bits/type_traits.h>
configure:17669: result: no
configure:17669: checking bits/type_traits.h presence
configure:17669: g++ -E  conftest.cpp
conftest.cpp:37:30: fatal error: bits/type_traits.h: No such file or directory
 #include <bits/type_traits.h>
                              ^
compilation terminated.
configure:17669: $? = 1
configure: failed program was:
| /* confdefs.h */
| #define PACKAGE_NAME "PCRE"
| #define PACKAGE_TARNAME "pcre"
| #define PACKAGE_VERSION "8.36"
| #define PACKAGE_STRING "PCRE 8.36"
| #define PACKAGE_BUGREPORT ""
| #define PACKAGE_URL ""
| #define PACKAGE "pcre"
| #define VERSION "8.36"
| #define STDC_HEADERS 1
| #define HAVE_SYS_TYPES_H 1
| #define HAVE_SYS_STAT_H 1
| #define HAVE_STDLIB_H 1
| #define HAVE_STRING_H 1
| #define HAVE_MEMORY_H 1
| #define HAVE_STRINGS_H 1
| #define HAVE_INTTYPES_H 1
| #define HAVE_STDINT_H 1
| #define HAVE_UNISTD_H 1
| #define HAVE_DLFCN_H 1
| #define LT_OBJDIR ".libs/"
| #define PCRE_EXP_DECL extern __attribute__ ((visibility ("default")))
| #define PCRE_EXP_DEFN __attribute__ ((visibility ("default")))
| #define PCRE_EXP_DATA_DEFN __attribute__ ((visibility ("default")))
| #define PCREPOSIX_EXP_DECL extern __attribute__ ((visibility ("default")))
| #define PCREPOSIX_EXP_DEFN extern __attribute__ ((visibility ("default")))
| #define PCRECPP_EXP_DECL extern __attribute__ ((visibility ("default")))
| #define PCRECPP_EXP_DEFN __attribute__ ((visibility ("default")))
| #define HAVE_VISIBILITY 1
| #define STDC_HEADERS 1
| #define HAVE_LIMITS_H 1
| #define HAVE_SYS_TYPES_H 1
| #define HAVE_SYS_STAT_H 1
| #define HAVE_DIRENT_H 1
| #define HAVE_STRING 1
| /* end confdefs.h.  */
| #include <bits/type_traits.h>
configure:17669: result: no
configure:17669: checking for bits/type_traits.h
configure:17669: result: no
configure:17683: checking type_traits.h usability
configure:17683: g++ -c -O2  conftest.cpp >&5
conftest.cpp:70:25: fatal error: type_traits.h: No such file or directory
 #include <type_traits.h>
                         ^
compilation terminated.
configure:17683: $? = 1
configure: failed program was:
| /* confdefs.h */
| #define PACKAGE_NAME "PCRE"
| #define PACKAGE_TARNAME "pcre"
| #define PACKAGE_VERSION "8.36"
| #define PACKAGE_STRING "PCRE 8.36"
| #define PACKAGE_BUGREPORT ""
| #define PACKAGE_URL ""
| #define PACKAGE "pcre"
| #define VERSION "8.36"
| #define STDC_HEADERS 1
| #define HAVE_SYS_TYPES_H 1
| #define HAVE_SYS_STAT_H 1
| #define HAVE_STDLIB_H 1
| #define HAVE_STRING_H 1
| #define HAVE_MEMORY_H 1
| #define HAVE_STRINGS_H 1
| #define HAVE_INTTYPES_H 1
| #define HAVE_STDINT_H 1
| #define HAVE_UNISTD_H 1
| #define HAVE_DLFCN_H 1
| #define LT_OBJDIR ".libs/"
| #define PCRE_EXP_DECL extern __attribute__ ((visibility ("default")))
| #define PCRE_EXP_DEFN __attribute__ ((visibility ("default")))
| #define PCRE_EXP_DATA_DEFN __attribute__ ((visibility ("default")))
| #define PCREPOSIX_EXP_DECL extern __attribute__ ((visibility ("default")))
| #define PCREPOSIX_EXP_DEFN extern __attribute__ ((visibility ("default")))
| #define PCRECPP_EXP_DECL extern __attribute__ ((visibility ("default")))
| #define PCRECPP_EXP_DEFN __attribute__ ((visibility ("default")))
| #define HAVE_VISIBILITY 1
| #define STDC_HEADERS 1
| #define HAVE_LIMITS_H 1
| #define HAVE_SYS_TYPES_H 1
| #define HAVE_SYS_STAT_H 1
| #define HAVE_DIRENT_H 1
| #define HAVE_STRING 1
| /* end confdefs.h.  */
| #include <stdio.h>
| #ifdef HAVE_SYS_TYPES_H
| # include <sys/types.h>
| #endif
| #ifdef HAVE_SYS_STAT_H
| # include <sys/stat.h>
| #endif
| #ifdef STDC_HEADERS
| # include <stdlib.h>
| # include <stddef.h>
| #else
| # ifdef HAVE_STDLIB_H
| #  include <stdlib.h>
| # endif
| #endif
| #ifdef HAVE_STRING_H
| # if !defined STDC_HEADERS && defined HAVE_MEMORY_H
| #  include <memory.h>
| # endif
| # include <string.h>
| #endif
| #ifdef HAVE_STRINGS_H
| # include <strings.h>
| #endif
| #ifdef HAVE_INTTYPES_H
| # include <inttypes.h>
| #endif
| #ifdef HAVE_STDINT_H
| # include <stdint.h>
| #endif
| #ifdef HAVE_UNISTD_H
| # include <unistd.h>
| #endif
| #include <type_traits.h>
configure:17683: result: no
configure:17683: checking type_traits.h presence
configure:17683: g++ -E  conftest.cpp
conftest.cpp:37:25: fatal error: type_traits.h: No such file or directory
 #include <type_traits.h>
                         ^
compilation terminated.
configure:17683: $? = 1
configure: failed program was:
| /* confdefs.h */
| #define PACKAGE_NAME "PCRE"
| #define PACKAGE_TARNAME "pcre"
| #define PACKAGE_VERSION "8.36"
| #define PACKAGE_STRING "PCRE 8.36"
| #define PACKAGE_BUGREPORT ""
| #define PACKAGE_URL ""
| #define PACKAGE "pcre"
| #define VERSION "8.36"
| #define STDC_HEADERS 1
| #define HAVE_SYS_TYPES_H 1
| #define HAVE_SYS_STAT_H 1
| #define HAVE_STDLIB_H 1
| #define HAVE_STRING_H 1
| #define HAVE_MEMORY_H 1
| #define HAVE_STRINGS_H 1
| #define HAVE_INTTYPES_H 1
| #define HAVE_STDINT_H 1
| #define HAVE_UNISTD_H 1
| #define HAVE_DLFCN_H 1
| #define LT_OBJDIR ".libs/"
| #define PCRE_EXP_DECL extern __attribute__ ((visibility ("default")))
| #define PCRE_EXP_DEFN __attribute__ ((visibility ("default")))
| #define PCRE_EXP_DATA_DEFN __attribute__ ((visibility ("default")))
| #define PCREPOSIX_EXP_DECL extern __attribute__ ((visibility ("default")))
| #define PCREPOSIX_EXP_DEFN extern __attribute__ ((visibility ("default")))
| #define PCRECPP_EXP_DECL extern __attribute__ ((visibility ("default")))
| #define PCRECPP_EXP_DEFN __attribute__ ((visibility ("default")))
| #define HAVE_VISIBILITY 1
| #define STDC_HEADERS 1
| #define HAVE_LIMITS_H 1
| #define HAVE_SYS_TYPES_H 1
| #define HAVE_SYS_STAT_H 1
| #define HAVE_DIRENT_H 1
| #define HAVE_STRING 1
| /* end confdefs.h.  */
| #include <type_traits.h>
configure:17683: result: no
configure:17683: checking for type_traits.h
configure:17683: result: no
configure:17709: checking for strtoq
configure:17727: g++ -c -O2  conftest.cpp >&5
configure:17727: $? = 0
configure:17728: result: yes
configure:17745: checking for long long
configure:17745: g++ -c -O2  conftest.cpp >&5
configure:17745: $? = 0
configure:17745: g++ -c -O2  conftest.cpp >&5
conftest.cpp: In function 'int main()':
conftest.cpp:74:14: error: expected primary-expression before 'long'
 if (sizeof ((long long)))
              ^
conftest.cpp:74:14: error: expected ')' before 'long'
conftest.cpp:75:14: error: expected ')' before ';' token
      return 0;
              ^
conftest.cpp:75:14: error: expected ')' before ';' token
configure:17745: $? = 1
configure: failed program was:
| /* confdefs.h */
| #define PACKAGE_NAME "PCRE"
| #define PACKAGE_TARNAME "pcre"
| #define PACKAGE_VERSION "8.36"
| #define PACKAGE_STRING "PCRE 8.36"
| #define PACKAGE_BUGREPORT ""
| #define PACKAGE_URL ""
| #define PACKAGE "pcre"
| #define VERSION "8.36"
| #define STDC_HEADERS 1
| #define HAVE_SYS_TYPES_H 1
| #define HAVE_SYS_STAT_H 1
| #define HAVE_STDLIB_H 1
| #define HAVE_STRING_H 1
| #define HAVE_MEMORY_H 1
| #define HAVE_STRINGS_H 1
| #define HAVE_INTTYPES_H 1
| #define HAVE_STDINT_H 1
| #define HAVE_UNISTD_H 1
| #define HAVE_DLFCN_H 1
| #define LT_OBJDIR ".libs/"
| #define PCRE_EXP_DECL extern __attribute__ ((visibility ("default")))
| #define PCRE_EXP_DEFN __attribute__ ((visibility ("default")))
| #define PCRE_EXP_DATA_DEFN __attribute__ ((visibility ("default")))
| #define PCREPOSIX_EXP_DECL extern __attribute__ ((visibility ("default")))
| #define PCREPOSIX_EXP_DEFN extern __attribute__ ((visibility ("default")))
| #define PCRECPP_EXP_DECL extern __attribute__ ((visibility ("default")))
| #define PCRECPP_EXP_DEFN __attribute__ ((visibility ("default")))
| #define HAVE_VISIBILITY 1
| #define STDC_HEADERS 1
| #define HAVE_LIMITS_H 1
| #define HAVE_SYS_TYPES_H 1
| #define HAVE_SYS_STAT_H 1
| #define HAVE_DIRENT_H 1
| #define HAVE_STRING 1
| #define HAVE_STRTOQ 1
| /* end confdefs.h.  */
| #include <stdio.h>
| #ifdef HAVE_SYS_TYPES_H
| # include <sys/types.h>
| #endif
| #ifdef HAVE_SYS_STAT_H
| # include <sys/stat.h>
| #endif
| #ifdef STDC_HEADERS
| # include <stdlib.h>
| # include <stddef.h>
| #else
| # ifdef HAVE_STDLIB_H
| #  include <stdlib.h>
| # endif
| #endif
| #ifdef HAVE_STRING_H
| # if !defined STDC_HEADERS && defined HAVE_MEMORY_H
| #  include <memory.h>
| # endif
| # include <string.h>
| #endif
| #ifdef HAVE_STRINGS_H
| # include <strings.h>
| #endif
| #ifdef HAVE_INTTYPES_H
| # include <inttypes.h>
| #endif
| #ifdef HAVE_STDINT_H
| # include <stdint.h>
| #endif
| #ifdef HAVE_UNISTD_H
| # include <unistd.h>
| #endif
| int
| main ()
| {
| if (sizeof ((long long)))
| 	    return 0;
|   ;
|   return 0;
| }
configure:17745: result: yes
configure:17757: checking for unsigned long long
configure:17757: g++ -c -O2  conftest.cpp >&5
configure:17757: $? = 0
configure:17757: g++ -c -O2  conftest.cpp >&5
conftest.cpp: In function 'int main()':
conftest.cpp:75:14: error: expected primary-expression before 'unsigned'
 if (sizeof ((unsigned long long)))
              ^
conftest.cpp:75:14: error: expected ')' before 'unsigned'
conftest.cpp:76:14: error: expected ')' before ';' token
      return 0;
              ^
conftest.cpp:76:14: error: expected ')' before ';' token
configure:17757: $? = 1
configure: failed program was:
| /* confdefs.h */
| #define PACKAGE_NAME "PCRE"
| #define PACKAGE_TARNAME "pcre"
| #define PACKAGE_VERSION "8.36"
| #define PACKAGE_STRING "PCRE 8.36"
| #define PACKAGE_BUGREPORT ""
| #define PACKAGE_URL ""
| #define PACKAGE "pcre"
| #define VERSION "8.36"
| #define STDC_HEADERS 1
| #define HAVE_SYS_TYPES_H 1
| #define HAVE_SYS_STAT_H 1
| #define HAVE_STDLIB_H 1
| #define HAVE_STRING_H 1
| #define HAVE_MEMORY_H 1
| #define HAVE_STRINGS_H 1
| #define HAVE_INTTYPES_H 1
| #define HAVE_STDINT_H 1
| #define HAVE_UNISTD_H 1
| #define HAVE_DLFCN_H 1
| #define LT_OBJDIR ".libs/"
| #define PCRE_EXP_DECL extern __attribute__ ((visibility ("default")))
| #define PCRE_EXP_DEFN __attribute__ ((visibility ("default")))
| #define PCRE_EXP_DATA_DEFN __attribute__ ((visibility ("default")))
| #define PCREPOSIX_EXP_DECL extern __attribute__ ((visibility ("default")))
| #define PCREPOSIX_EXP_DEFN extern __attribute__ ((visibility ("default")))
| #define PCRECPP_EXP_DECL extern __attribute__ ((visibility ("default")))
| #define PCRECPP_EXP_DEFN __attribute__ ((visibility ("default")))
| #define HAVE_VISIBILITY 1
| #define STDC_HEADERS 1
| #define HAVE_LIMITS_H 1
| #define HAVE_SYS_TYPES_H 1
| #define HAVE_SYS_STAT_H 1
| #define HAVE_DIRENT_H 1
| #define HAVE_STRING 1
| #define HAVE_STRTOQ 1
| #define HAVE_LONG_LONG 1
| /* end confdefs.h.  */
| #include <stdio.h>
| #ifdef HAVE_SYS_TYPES_H
| # include <sys/types.h>
| #endif
| #ifdef HAVE_SYS_STAT_H
| # include <sys/stat.h>
| #endif
| #ifdef STDC_HEADERS
| # include <stdlib.h>
| # include <stddef.h>
| #else
| # ifdef HAVE_STDLIB_H
| #  include <stdlib.h>
| # endif
| #endif
| #ifdef HAVE_STRING_H
| # if !defined STDC_HEADERS && defined HAVE_MEMORY_H
| #  include <memory.h>
| # endif
| # include <string.h>
| #endif
| #ifdef HAVE_STRINGS_H
| # include <strings.h>
| #endif
| #ifdef HAVE_INTTYPES_H
| # include <inttypes.h>
| #endif
| #ifdef HAVE_STDINT_H
| # include <stdint.h>
| #endif
| #ifdef HAVE_UNISTD_H
| # include <unistd.h>
| #endif
| int
| main ()
| {
| if (sizeof ((unsigned long long)))
| 	    return 0;
|   ;
|   return 0;
| }
configure:17757: result: yes
configure:17855: checking for an ANSI C-conforming const
configure:17921: cc -c -O2 -fomit-frame-pointer -pipe   conftest.c >&5
configure:17921: $? = 0
configure:17928: result: yes
configure:17936: checking for size_t
configure:17936: cc -c -O2 -fomit-frame-pointer -pipe   conftest.c >&5
configure:17936: $? = 0
configure:17936: cc -c -O2 -fomit-frame-pointer -pipe   conftest.c >&5
conftest.c: In function 'main':
conftest.c:76:21: error: expected expression before ')' token
 if (sizeof ((size_t)))
                     ^
configure:17936: $? = 1
configure: failed program was:
| /* confdefs.h */
| #define PACKAGE_NAME "PCRE"
| #define PACKAGE_TARNAME "pcre"
| #define PACKAGE_VERSION "8.36"
| #define PACKAGE_STRING "PCRE 8.36"
| #define PACKAGE_BUGREPORT ""
| #define PACKAGE_URL ""
| #define PACKAGE "pcre"
| #define VERSION "8.36"
| #define STDC_HEADERS 1
| #define HAVE_SYS_TYPES_H 1
| #define HAVE_SYS_STAT_H 1
| #define HAVE_STDLIB_H 1
| #define HAVE_STRING_H 1
| #define HAVE_MEMORY_H 1
| #define HAVE_STRINGS_H 1
| #define HAVE_INTTYPES_H 1
| #define HAVE_STDINT_H 1
| #define HAVE_UNISTD_H 1
| #define HAVE_DLFCN_H 1
| #define LT_OBJDIR ".libs/"
| #define PCRE_EXP_DECL extern __attribute__ ((visibility ("default")))
| #define PCRE_EXP_DEFN __attribute__ ((visibility ("default")))
| #define PCRE_EXP_DATA_DEFN __attribute__ ((visibility ("default")))
| #define PCREPOSIX_EXP_DECL extern __attribute__ ((visibility ("default")))
| #define PCREPOSIX_EXP_DEFN extern __attribute__ ((visibility ("default")))
| #define PCRECPP_EXP_DECL extern __attribute__ ((visibility ("default")))
| #define PCRECPP_EXP_DEFN __attribute__ ((visibility ("default")))
| #define HAVE_VISIBILITY 1
| #define STDC_HEADERS 1
| #define HAVE_LIMITS_H 1
| #define HAVE_SYS_TYPES_H 1
| #define HAVE_SYS_STAT_H 1
| #define HAVE_DIRENT_H 1
| #define HAVE_STRING 1
| #define HAVE_STRTOQ 1
| #define HAVE_LONG_LONG 1
| #define HAVE_UNSIGNED_LONG_LONG 1
| /* end confdefs.h.  */
| #include <stdio.h>
| #ifdef HAVE_SYS_TYPES_H
| # include <sys/types.h>
| #endif
| #ifdef HAVE_SYS_STAT_H
| # include <sys/stat.h>
| #endif
| #ifdef STDC_HEADERS
| # include <stdlib.h>
| # include <stddef.h>
| #else
| # ifdef HAVE_STDLIB_H
| #  include <stdlib.h>
| # endif
| #endif
| #ifdef HAVE_STRING_H
| # if !defined STDC_HEADERS && defined HAVE_MEMORY_H
| #  include <memory.h>
| # endif
| # include <string.h>
| #endif
| #ifdef HAVE_STRINGS_H
| # include <strings.h>
| #endif
| #ifdef HAVE_INTTYPES_H
| # include <inttypes.h>
| #endif
| #ifdef HAVE_STDINT_H
| # include <stdint.h>
| #endif
| #ifdef HAVE_UNISTD_H
| # include <unistd.h>
| #endif
| int
| main ()
| {
| if (sizeof ((size_t)))
| 	    return 0;
|   ;
|   return 0;
| }
configure:17936: result: yes
configure:17953: checking for bcopy
configure:17953: cc -o conftest -O2 -fomit-frame-pointer -pipe    conftest.c  >&5
conftest.c:63:6: warning: conflicting types for built-in function 'bcopy'
 char bcopy ();
      ^
configure:17953: $? = 0
configure:17953: result: yes
configure:17953: checking for memmove
configure:17953: cc -o conftest -O2 -fomit-frame-pointer -pipe    conftest.c  >&5
conftest.c:64:6: warning: conflicting types for built-in function 'memmove'
 char memmove ();
      ^
configure:17953: $? = 0
configure:17953: result: yes
configure:17953: checking for strerror
configure:17953: cc -o conftest -O2 -fomit-frame-pointer -pipe    conftest.c  >&5
configure:17953: $? = 0
configure:17953: result: yes
configure:17967: checking zlib.h usability
configure:17967: cc -c -O2 -fomit-frame-pointer -pipe   conftest.c >&5
configure:17967: $? = 0
configure:17967: result: yes
configure:17967: checking zlib.h presence
configure:17967: cc -E  conftest.c
configure:17967: $? = 0
configure:17967: result: yes
configure:17967: checking for zlib.h
configure:17967: result: yes
configure:17977: checking for gzopen in -lz
configure:18002: cc -o conftest -O2 -fomit-frame-pointer -pipe    conftest.c -lz   >&5
configure:18002: $? = 0
configure:18011: result: yes
configure:18036: checking bzlib.h usability
configure:18036: cc -c -O2 -fomit-frame-pointer -pipe   conftest.c >&5
conftest.c:77:19: fatal error: bzlib.h: No such file or directory
 #include <bzlib.h>
                   ^
compilation terminated.
configure:18036: $? = 1
configure: failed program was:
| /* confdefs.h */
| #define PACKAGE_NAME "PCRE"
| #define PACKAGE_TARNAME "pcre"
| #define PACKAGE_VERSION "8.36"
| #define PACKAGE_STRING "PCRE 8.36"
| #define PACKAGE_BUGREPORT ""
| #define PACKAGE_URL ""
| #define PACKAGE "pcre"
| #define VERSION "8.36"
| #define STDC_HEADERS 1
| #define HAVE_SYS_TYPES_H 1
| #define HAVE_SYS_STAT_H 1
| #define HAVE_STDLIB_H 1
| #define HAVE_STRING_H 1
| #define HAVE_MEMORY_H 1
| #define HAVE_STRINGS_H 1
| #define HAVE_INTTYPES_H 1
| #define HAVE_STDINT_H 1
| #define HAVE_UNISTD_H 1
| #define HAVE_DLFCN_H 1
| #define LT_OBJDIR ".libs/"
| #define PCRE_EXP_DECL extern __attribute__ ((visibility ("default")))
| #define PCRE_EXP_DEFN __attribute__ ((visibility ("default")))
| #define PCRE_EXP_DATA_DEFN __attribute__ ((visibility ("default")))
| #define PCREPOSIX_EXP_DECL extern __attribute__ ((visibility ("default")))
| #define PCREPOSIX_EXP_DEFN extern __attribute__ ((visibility ("default")))
| #define PCRECPP_EXP_DECL extern __attribute__ ((visibility ("default")))
| #define PCRECPP_EXP_DEFN __attribute__ ((visibility ("default")))
| #define HAVE_VISIBILITY 1
| #define STDC_HEADERS 1
| #define HAVE_LIMITS_H 1
| #define HAVE_SYS_TYPES_H 1
| #define HAVE_SYS_STAT_H 1
| #define HAVE_DIRENT_H 1
| #define HAVE_STRING 1
| #define HAVE_STRTOQ 1
| #define HAVE_LONG_LONG 1
| #define HAVE_UNSIGNED_LONG_LONG 1
| #define HAVE_BCOPY 1
| #define HAVE_MEMMOVE 1
| #define HAVE_STRERROR 1
| #define HAVE_ZLIB_H 1
| /* end confdefs.h.  */
| #include <stdio.h>
| #ifdef HAVE_SYS_TYPES_H
| # include <sys/types.h>
| #endif
| #ifdef HAVE_SYS_STAT_H
| # include <sys/stat.h>
| #endif
| #ifdef STDC_HEADERS
| # include <stdlib.h>
| # include <stddef.h>
| #else
| # ifdef HAVE_STDLIB_H
| #  include <stdlib.h>
| # endif
| #endif
| #ifdef HAVE_STRING_H
| # if !defined STDC_HEADERS && defined HAVE_MEMORY_H
| #  include <memory.h>
| # endif
| # include <string.h>
| #endif
| #ifdef HAVE_STRINGS_H
| # include <strings.h>
| #endif
| #ifdef HAVE_INTTYPES_H
| # include <inttypes.h>
| #endif
| #ifdef HAVE_STDINT_H
| # include <stdint.h>
| #endif
| #ifdef HAVE_UNISTD_H
| # include <unistd.h>
| #endif
| #include <bzlib.h>
configure:18036: result: no
configure:18036: checking bzlib.h presence
configure:18036: cc -E  conftest.c
conftest.c:44:19: fatal error: bzlib.h: No such file or directory
 #include <bzlib.h>
                   ^
compilation terminated.
configure:18036: $? = 1
configure: failed program was:
| /* confdefs.h */
| #define PACKAGE_NAME "PCRE"
| #define PACKAGE_TARNAME "pcre"
| #define PACKAGE_VERSION "8.36"
| #define PACKAGE_STRING "PCRE 8.36"
| #define PACKAGE_BUGREPORT ""
| #define PACKAGE_URL ""
| #define PACKAGE "pcre"
| #define VERSION "8.36"
| #define STDC_HEADERS 1
| #define HAVE_SYS_TYPES_H 1
| #define HAVE_SYS_STAT_H 1
| #define HAVE_STDLIB_H 1
| #define HAVE_STRING_H 1
| #define HAVE_MEMORY_H 1
| #define HAVE_STRINGS_H 1
| #define HAVE_INTTYPES_H 1
| #define HAVE_STDINT_H 1
| #define HAVE_UNISTD_H 1
| #define HAVE_DLFCN_H 1
| #define LT_OBJDIR ".libs/"
| #define PCRE_EXP_DECL extern __attribute__ ((visibility ("default")))
| #define PCRE_EXP_DEFN __attribute__ ((visibility ("default")))
| #define PCRE_EXP_DATA_DEFN __attribute__ ((visibility ("default")))
| #define PCREPOSIX_EXP_DECL extern __attribute__ ((visibility ("default")))
| #define PCREPOSIX_EXP_DEFN extern __attribute__ ((visibility ("default")))
| #define PCRECPP_EXP_DECL extern __attribute__ ((visibility ("default")))
| #define PCRECPP_EXP_DEFN __attribute__ ((visibility ("default")))
| #define HAVE_VISIBILITY 1
| #define STDC_HEADERS 1
| #define HAVE_LIMITS_H 1
| #define HAVE_SYS_TYPES_H 1
| #define HAVE_SYS_STAT_H 1
| #define HAVE_DIRENT_H 1
| #define HAVE_STRING 1
| #define HAVE_STRTOQ 1
| #define HAVE_LONG_LONG 1
| #define HAVE_UNSIGNED_LONG_LONG 1
| #define HAVE_BCOPY 1
| #define HAVE_MEMMOVE 1
| #define HAVE_STRERROR 1
| #define HAVE_ZLIB_H 1
| /* end confdefs.h.  */
| #include <bzlib.h>
configure:18036: result: no
configure:18036: checking for bzlib.h
configure:18036: result: no
configure:18051: checking for libbz2
configure:18069: cc -o conftest -O2 -fomit-frame-pointer -pipe    conftest.c  -lbz2 >&5
/usr/bin/ld: cannot find -lbz2
collect2: error: ld returned 1 exit status
configure:18069: $? = 1
configure: failed program was:
| /* confdefs.h */
| #define PACKAGE_NAME "PCRE"
| #define PACKAGE_TARNAME "pcre"
| #define PACKAGE_VERSION "8.36"
| #define PACKAGE_STRING "PCRE 8.36"
| #define PACKAGE_BUGREPORT ""
| #define PACKAGE_URL ""
| #define PACKAGE "pcre"
| #define VERSION "8.36"
| #define STDC_HEADERS 1
| #define HAVE_SYS_TYPES_H 1
| #define HAVE_SYS_STAT_H 1
| #define HAVE_STDLIB_H 1
| #define HAVE_STRING_H 1
| #define HAVE_MEMORY_H 1
| #define HAVE_STRINGS_H 1
| #define HAVE_INTTYPES_H 1
| #define HAVE_STDINT_H 1
| #define HAVE_UNISTD_H 1
| #define HAVE_DLFCN_H 1
| #define LT_OBJDIR ".libs/"
| #define PCRE_EXP_DECL extern __attribute__ ((visibility ("default")))
| #define PCRE_EXP_DEFN __attribute__ ((visibility ("default")))
| #define PCRE_EXP_DATA_DEFN __attribute__ ((visibility ("default")))
| #define PCREPOSIX_EXP_DECL extern __attribute__ ((visibility ("default")))
| #define PCREPOSIX_EXP_DEFN extern __attribute__ ((visibility ("default")))
| #define PCRECPP_EXP_DECL extern __attribute__ ((visibility ("default")))
| #define PCRECPP_EXP_DEFN __attribute__ ((visibility ("default")))
| #define HAVE_VISIBILITY 1
| #define STDC_HEADERS 1
| #define HAVE_LIMITS_H 1
| #define HAVE_SYS_TYPES_H 1
| #define HAVE_SYS_STAT_H 1
| #define HAVE_DIRENT_H 1
| #define HAVE_STRING 1
| #define HAVE_STRTOQ 1
| #define HAVE_LONG_LONG 1
| #define HAVE_UNSIGNED_LONG_LONG 1
| #define HAVE_BCOPY 1
| #define HAVE_MEMMOVE 1
| #define HAVE_STRERROR 1
| #define HAVE_ZLIB_H 1
| /* end confdefs.h.  */
| 
| #ifdef HAVE_BZLIB_H
| #include <bzlib.h>
| #endif
| int
| main ()
| {
| return (int)BZ2_bzopen("conftest", "rb");
|   ;
|   return 0;
| }
configure:18073: result: no
configure:19646: checking that generated files are newer than configure
configure:19652: result: done
configure:19719: creating ./config.status

## ---------------------- ##
## Running config.status. ##
## ---------------------- ##

This file was extended by PCRE config.status 8.36, which was
generated by GNU Autoconf 2.69.  Invocation command line was

  CONFIG_FILES    = 
  CONFIG_HEADERS  = 
  CONFIG_LINKS    = 
  CONFIG_COMMANDS = 
  $ ./config.status 

on lancelot-VirtualBox

config.status:1246: creating Makefile
config.status:1246: creating libpcre.pc
config.status:1246: creating libpcre16.pc
config.status:1246: creating libpcre32.pc
config.status:1246: creating libpcreposix.pc
config.status:1246: creating libpcrecpp.pc
config.status:1246: creating pcre-config
config.status:1246: creating pcre.h
config.status:1246: creating pcre_stringpiece.h
config.status:1246: creating pcrecpparg.h
config.status:1246: creating config.h
config.status:1475: executing depfiles commands
config.status:1475: executing libtool commands
config.status:1475: executing script-chmod commands
config.status:1475: executing delete-old-chartables commands

## ---------------- ##
## Cache variables. ##
## ---------------- ##

ac_cv_build=x86_64-unknown-linux-gnu
ac_cv_c_compiler_gnu=yes
ac_cv_c_const=yes
ac_cv_c_int64_t=yes
ac_cv_cxx_compiler_gnu=yes
ac_cv_env_CCC_set=
ac_cv_env_CCC_value=
ac_cv_env_CC_set=set
ac_cv_env_CC_value=cc
ac_cv_env_CFLAGS_set=set
ac_cv_env_CFLAGS_value='-O2 -fomit-frame-pointer -pipe '
ac_cv_env_CPPFLAGS_set=
ac_cv_env_CPPFLAGS_value=
ac_cv_env_CPP_set=
ac_cv_env_CPP_value=
ac_cv_env_CXXCPP_set=
ac_cv_env_CXXCPP_value=
ac_cv_env_CXXFLAGS_set=
ac_cv_env_CXXFLAGS_value=
ac_cv_env_CXX_set=
ac_cv_env_CXX_value=
ac_cv_env_GENHTML_set=
ac_cv_env_GENHTML_value=
ac_cv_env_LCOV_set=
ac_cv_env_LCOV_value=
ac_cv_env_LDFLAGS_set=
ac_cv_env_LDFLAGS_value=
ac_cv_env_LIBS_set=
ac_cv_env_LIBS_value=
ac_cv_env_PKG_CONFIG_LIBDIR_set=
ac_cv_env_PKG_CONFIG_LIBDIR_value=
ac_cv_env_PKG_CONFIG_PATH_set=
ac_cv_env_PKG_CONFIG_PATH_value=
ac_cv_env_PKG_CONFIG_set=
ac_cv_env_PKG_CONFIG_value=
ac_cv_env_VALGRIND_CFLAGS_set=
ac_cv_env_VALGRIND_CFLAGS_value=
ac_cv_env_VALGRIND_LIBS_set=
ac_cv_env_VALGRIND_LIBS_value=
ac_cv_env_build_alias_set=
ac_cv_env_build_alias_value=
ac_cv_env_host_alias_set=
ac_cv_env_host_alias_value=
ac_cv_env_target_alias_set=
ac_cv_env_target_alias_value=
ac_cv_func_bcopy=yes
ac_cv_func_memmove=yes
ac_cv_func_strerror=yes
ac_cv_header_bits_type_traits_h=no
ac_cv_header_bzlib_h=no
ac_cv_header_dirent_h=yes
ac_cv_header_dlfcn_h=yes
ac_cv_header_inttypes_h=yes
ac_cv_header_limits_h=yes
ac_cv_header_memory_h=yes
ac_cv_header_stdc=yes
ac_cv_header_stdint_h=yes
ac_cv_header_stdlib_h=yes
ac_cv_header_string=yes
ac_cv_header_string_h=yes
ac_cv_header_strings_h=yes
ac_cv_header_sys_stat_h=yes
ac_cv_header_sys_types_h=yes
ac_cv_header_type_traits_h=no
ac_cv_header_unistd_h=yes
ac_cv_header_windows_h=no
ac_cv_header_zlib_h=yes
ac_cv_host=x86_64-unknown-linux-gnu
ac_cv_lib_z_gzopen=yes
ac_cv_objext=o
ac_cv_path_EGREP='/bin/grep -E'
ac_cv_path_FGREP='/bin/grep -F'
ac_cv_path_GREP=/bin/grep
ac_cv_path_SED=/bin/sed
ac_cv_path_install='/usr/bin/install -c'
ac_cv_path_mkdir=/bin/mkdir
ac_cv_prog_AWK=mawk
ac_cv_prog_CPP='cc -E'
ac_cv_prog_CXXCPP='g++ -E'
ac_cv_prog_ac_ct_AR=ar
ac_cv_prog_ac_ct_CC=cc
ac_cv_prog_ac_ct_CXX=g++
ac_cv_prog_ac_ct_DLLTOOL=dlltool
ac_cv_prog_ac_ct_MANIFEST_TOOL=mt
ac_cv_prog_ac_ct_OBJDUMP=objdump
ac_cv_prog_ac_ct_RANLIB=ranlib
ac_cv_prog_ac_ct_STRIP=strip
ac_cv_prog_cc_c89=
ac_cv_prog_cc_g=yes
ac_cv_prog_cxx_g=yes
ac_cv_prog_make_make_set=yes
ac_cv_type_long_long=yes
ac_cv_type_size_t=yes
ac_cv_type_unsigned_long_long=yes
am_cv_CC_dependencies_compiler_type=gcc3
am_cv_CXX_dependencies_compiler_type=gcc3
am_cv_ar_interface=ar
am_cv_make_support_nested_variables=yes
am_cv_prog_cc_c_o=yes
lt_cv_ar_at_file=@
lt_cv_deplibs_check_method=pass_all
lt_cv_file_magic_cmd='$MAGIC_CMD'
lt_cv_file_magic_test_file=
lt_cv_ld_reload_flag=-r
lt_cv_nm_interface='BSD nm'
lt_cv_objdir=.libs
lt_cv_path_LD=/usr/bin/ld
lt_cv_path_LDCXX='/usr/bin/ld -m elf_x86_64'
lt_cv_path_NM='/usr/bin/nm -B'
lt_cv_path_mainfest_tool=no
lt_cv_prog_compiler_c_o=yes
lt_cv_prog_compiler_c_o_CXX=yes
lt_cv_prog_compiler_pic='-fPIC -DPIC'
lt_cv_prog_compiler_pic_CXX='-fPIC -DPIC'
lt_cv_prog_compiler_pic_works=yes
lt_cv_prog_compiler_pic_works_CXX=yes
lt_cv_prog_compiler_rtti_exceptions=no
lt_cv_prog_compiler_static_works=yes
lt_cv_prog_compiler_static_works_CXX=yes
lt_cv_prog_gnu_ld=yes
lt_cv_prog_gnu_ldcxx=yes
lt_cv_sharedlib_from_linklib_cmd='printf %s\n'
lt_cv_shlibpath_overrides_runpath=no
lt_cv_sys_global_symbol_pipe='sed -n -e '\''s/^.*[	 ]\([ABCDGIRSTW][ABCDGIRSTW]*\)[	 ][	 ]*\([_A-Za-z][_A-Za-z0-9]*\)$/\1 \2 \2/p'\'' | sed '\''/ __gnu_lto/d'\'''
lt_cv_sys_global_symbol_to_c_name_address='sed -n -e '\''s/^: \([^ ]*\)[ ]*$/  {\"\1\", (void *) 0},/p'\'' -e '\''s/^[ABCDGIRSTW]* \([^ ]*\) \([^ ]*\)$/  {"\2", (void *) \&\2},/p'\'''
lt_cv_sys_global_symbol_to_c_name_address_lib_prefix='sed -n -e '\''s/^: \([^ ]*\)[ ]*$/  {\"\1\", (void *) 0},/p'\'' -e '\''s/^[ABCDGIRSTW]* \([^ ]*\) \(lib[^ ]*\)$/  {"\2", (void *) \&\2},/p'\'' -e '\''s/^[ABCDGIRSTW]* \([^ ]*\) \([^ ]*\)$/  {"lib\2", (void *) \&\2},/p'\'''
lt_cv_sys_global_symbol_to_cdecl='sed -n -e '\''s/^T .* \(.*\)$/extern int \1();/p'\'' -e '\''s/^[ABCDGIRSTW]* .* \(.*\)$/extern char \1;/p'\'''
lt_cv_sys_max_cmd_len=1572864
lt_cv_to_host_file_cmd=func_convert_file_noop
lt_cv_to_tool_file_cmd=func_convert_file_noop
pcre_cv_cc_vis_werror=yes
pcre_cv_cc_visibility=yes

## ----------------- ##
## Output variables. ##
## ----------------- ##

ACLOCAL='${SHELL} /home/lancelot/git/nginx/third-lib/pcre-8.36/missing aclocal-1.14'
AMDEPBACKSLASH='\'
AMDEP_FALSE='#'
AMDEP_TRUE=''
AMTAR='$${TAR-tar}'
AM_BACKSLASH='\'
AM_DEFAULT_V='$(AM_DEFAULT_VERBOSITY)'
AM_DEFAULT_VERBOSITY='0'
AM_V='$(V)'
AR='ar'
AS='as'
AUTOCONF='${SHELL} /home/lancelot/git/nginx/third-lib/pcre-8.36/missing autoconf'
AUTOHEADER='${SHELL} /home/lancelot/git/nginx/third-lib/pcre-8.36/missing autoheader'
AUTOMAKE='${SHELL} /home/lancelot/git/nginx/third-lib/pcre-8.36/missing automake-1.14'
AWK='mawk'
CC='cc'
CCDEPMODE='depmode=gcc3'
CFLAGS='-O2 -fomit-frame-pointer -pipe '
CPP='cc -E'
CPPFLAGS=''
CXX='g++'
CXXCPP='g++ -E'
CXXDEPMODE='depmode=gcc3'
CXXFLAGS='-O2'
CYGPATH_W='echo'
DEFS='-DHAVE_CONFIG_H'
DEPDIR='.deps'
DISTCHECK_CONFIGURE_FLAGS='CFLAGS='\'''\'' CXXFLAGS='\'''\'' --enable-pcre16 --enable-pcre32 --enable-jit --enable-cpp --enable-unicode-properties'
DLLTOOL='dlltool'
DSYMUTIL=''
DUMPBIN=''
ECHO_C=''
ECHO_N='-n'
ECHO_T=''
EGREP='/bin/grep -E'
EXEEXT=''
EXTRA_LIBPCRE16_LDFLAGS='                         -version-info 2:4:2'
EXTRA_LIBPCRE32_LDFLAGS='                         -version-info 0:4:0'
EXTRA_LIBPCRECPP_LDFLAGS='                            -version-info 0:1:0                           '
EXTRA_LIBPCREPOSIX_LDFLAGS='                              -version-info 0:3:0'
EXTRA_LIBPCRE_LDFLAGS='                         -version-info 3:4:2'
FGREP='/bin/grep -F'
GCOV_CFLAGS=''
GCOV_CXXFLAGS=''
GCOV_LIBS=''
GENHTML=''
GREP='/bin/grep'
HAVE_VISIBILITY='1'
INSTALL_DATA='${INSTALL} -m 644'
INSTALL_PROGRAM='${INSTALL}'
INSTALL_SCRIPT='${INSTALL}'
INSTALL_STRIP_PROGRAM='$(install_sh) -c -s'
LCOV=''
LD='/usr/bin/ld -m elf_x86_64'
LDFLAGS=''
LIBBZ2=''
LIBOBJS=''
LIBREADLINE=''
LIBS=''
LIBTOOL='$(SHELL) $(top_builddir)/libtool'
LIBZ=''
LIPO=''
LN_S='ln -s'
LTLIBOBJS=''
MAKEINFO='${SHELL} /home/lancelot/git/nginx/third-lib/pcre-8.36/missing makeinfo'
MANIFEST_TOOL=':'
MKDIR_P='/bin/mkdir -p'
NM='/usr/bin/nm -B'
NMEDIT=''
OBJDUMP='objdump'
OBJEXT='o'
OTOOL64=''
OTOOL=''
PACKAGE='pcre'
PACKAGE_BUGREPORT=''
PACKAGE_NAME='PCRE'
PACKAGE_STRING='PCRE 8.36'
PACKAGE_TARNAME='pcre'
PACKAGE_URL=''
PACKAGE_VERSION='8.36'
PATH_SEPARATOR=':'
PCRE_DATE='2014-09-26'
PCRE_MAJOR='8'
PCRE_MINOR='36'
PCRE_PRERELEASE=''
PCRE_STATIC_CFLAG='-DPCRE_STATIC'
PKG_CONFIG=''
PKG_CONFIG_LIBDIR=''
PKG_CONFIG_PATH=''
PTHREAD_CC=''
PTHREAD_CFLAGS=''
PTHREAD_LIBS=''
RANLIB='ranlib'
SED='/bin/sed'
SET_MAKE=''
SHELL='/bin/bash'
SHTOOL=''
STRIP='strip'
VALGRIND_CFLAGS=''
VALGRIND_LIBS=''
VERSION='8.36'
VISIBILITY_CFLAGS='-fvisibility=hidden'
VISIBILITY_CXXFLAGS='-fvisibility=hidden -fvisibility-inlines-hidden'
WITH_GCOV_FALSE=''
WITH_GCOV_TRUE='#'
WITH_JIT_FALSE=''
WITH_JIT_TRUE='#'
WITH_PCRE16_FALSE=''
WITH_PCRE16_TRUE='#'
WITH_PCRE32_FALSE=''
WITH_PCRE32_TRUE='#'
WITH_PCRE8_FALSE='#'
WITH_PCRE8_TRUE=''
WITH_PCRE_CPP_FALSE='#'
WITH_PCRE_CPP_TRUE=''
WITH_REBUILD_CHARTABLES_FALSE=''
WITH_REBUILD_CHARTABLES_TRUE='#'
WITH_UTF_FALSE=''
WITH_UTF_TRUE='#'
WITH_VALGRIND_FALSE=''
WITH_VALGRIND_TRUE='#'
ac_ct_AR='ar'
ac_ct_CC='cc'
ac_ct_CXX='g++'
ac_ct_DUMPBIN=''
am__EXEEXT_FALSE=''
am__EXEEXT_TRUE='#'
am__fastdepCC_FALSE='#'
am__fastdepCC_TRUE=''
am__fastdepCXX_FALSE='#'
am__fastdepCXX_TRUE=''
am__include='include'
am__isrc=''
am__leading_dot='.'
am__nodep='_no'
am__quote=''
am__tar='$${TAR-tar} chof - "$$tardir"'
am__untar='$${TAR-tar} xf -'
ax_pthread_config=''
bindir='${exec_prefix}/bin'
build='x86_64-unknown-linux-gnu'
build_alias=''
build_cpu='x86_64'
build_os='linux-gnu'
build_vendor='unknown'
datadir='${datarootdir}'
datarootdir='${prefix}/share'
docdir='${datarootdir}/doc/${PACKAGE_TARNAME}'
dvidir='${docdir}'
enable_cpp='yes'
enable_pcre16='no'
enable_pcre32='no'
enable_pcre8='yes'
exec_prefix='${prefix}'
host='x86_64-unknown-linux-gnu'
host_alias=''
host_cpu='x86_64'
host_os='linux-gnu'
host_vendor='unknown'
htmldir='${docdir}/html'
includedir='${prefix}/include'
infodir='${datarootdir}/info'
install_sh='${SHELL} /home/lancelot/git/nginx/third-lib/pcre-8.36/install-sh'
libdir='${exec_prefix}/lib'
libexecdir='${exec_prefix}/libexec'
localedir='${datarootdir}/locale'
localstatedir='${prefix}/var'
mandir='${datarootdir}/man'
mkdir_p='$(MKDIR_P)'
oldincludedir='/usr/include'
pcre_have_bits_type_traits='0'
pcre_have_long_long='1'
pcre_have_type_traits='0'
pcre_have_ulong_long='1'
pdfdir='${docdir}'
prefix='/usr/local'
program_transform_name='s,x,x,'
psdir='${docdir}'
sbindir='${exec_prefix}/sbin'
sharedstatedir='${prefix}/com'
sysconfdir='${prefix}/etc'
target_alias=''

## ----------- ##
## confdefs.h. ##
## ----------- ##

/* confdefs.h */
#define PACKAGE_NAME "PCRE"
#define PACKAGE_TARNAME "pcre"
#define PACKAGE_VERSION "8.36"
#define PACKAGE_STRING "PCRE 8.36"
#define PACKAGE_BUGREPORT ""
#define PACKAGE_URL ""
#define PACKAGE "pcre"
#define VERSION "8.36"
#define STDC_HEADERS 1
#define HAVE_SYS_TYPES_H 1
#define HAVE_SYS_STAT_H 1
#define HAVE_STDLIB_H 1
#define HAVE_STRING_H 1
#define HAVE_MEMORY_H 1
#define HAVE_STRINGS_H 1
#define HAVE_INTTYPES_H 1
#define HAVE_STDINT_H 1
#define HAVE_UNISTD_H 1
#define HAVE_DLFCN_H 1
#define LT_OBJDIR ".libs/"
#define PCRE_EXP_DECL extern __attribute__ ((visibility ("default")))
#define PCRE_EXP_DEFN __attribute__ ((visibility ("default")))
#define PCRE_EXP_DATA_DEFN __attribute__ ((visibility ("default")))
#define PCREPOSIX_EXP_DECL extern __attribute__ ((visibility ("default")))
#define PCREPOSIX_EXP_DEFN extern __attribute__ ((visibility ("default")))
#define PCRECPP_EXP_DECL extern __attribute__ ((visibility ("default")))
#define PCRECPP_EXP_DEFN __attribute__ ((visibility ("default")))
#define HAVE_VISIBILITY 1
#define STDC_HEADERS 1
#define HAVE_LIMITS_H 1
#define HAVE_SYS_TYPES_H 1
#define HAVE_SYS_STAT_H 1
#define HAVE_DIRENT_H 1
#define HAVE_STRING 1
#define HAVE_STRTOQ 1
#define HAVE_LONG_LONG 1
#define HAVE_UNSIGNED_LONG_LONG 1
#define HAVE_BCOPY 1
#define HAVE_MEMMOVE 1
#define HAVE_STRERROR 1
#define HAVE_ZLIB_H 1
#define PCRE_STATIC 1
#define SUPPORT_PCRE8 /**/
#define PCREGREP_BUFSIZE 20480
#define NEWLINE 10
#define LINK_SIZE 2
#define POSIX_MALLOC_THRESHOLD 10
#define PARENS_NEST_LIMIT 250
#define MATCH_LIMIT 10000000
#define MATCH_LIMIT_RECURSION MATCH_LIMIT
#define MAX_NAME_SIZE 32
#define MAX_NAME_COUNT 10000

configure: exit 0
